make -C src build BUILDDIR=/home/yccl/nccl/build
make[1]: Entering directory '/home/yccl/nccl/src'
NVCC_GENCODE is -gencode=arch=compute_90,code=sm_90
make[2]: Entering directory '/home/yccl/nccl/src/device'
NVCC_GENCODE is -gencode=arch=compute_90,code=sm_90
make[2]: Leaving directory '/home/yccl/nccl/src/device'
make[1]: Leaving directory '/home/yccl/nccl/src'
make -C src build BUILDDIR=/home/yccl/nccl-tests/build
make[1]: Entering directory '/home/yccl/nccl-tests/src'
make[1]: Leaving directory '/home/yccl/nccl-tests/src'
===== Round 0 =====
# nThread 1 nGpus 1 minBytes 33554432 maxBytes 33554432 step: 2(factor) warmup iters: 5 iters: 1 agg iters: 1 validation: 1 graph: 0
#
# Using devices
#  Rank  0 Group  0 Pid 543681 on n232-195-024 device  0 [0000:18:00] NVIDIA H800
#  Rank  1 Group  0 Pid 543682 on n232-195-024 device  1 [0000:41:00] NVIDIA H800
#  Rank  2 Group  0 Pid 543683 on n232-195-024 device  2 [0000:4b:00] NVIDIA H800
#  Rank  3 Group  0 Pid 543684 on n232-195-024 device  3 [0000:5d:00] NVIDIA H800
#  Rank  4 Group  0 Pid 543685 on n232-195-024 device  4 [0000:9a:00] NVIDIA H800
#  Rank  5 Group  0 Pid 543686 on n232-195-024 device  5 [0000:bb:00] NVIDIA H800
#  Rank  6 Group  0 Pid 543689 on n232-195-024 device  6 [0000:ca:00] NVIDIA H800
#  Rank  7 Group  0 Pid 543692 on n232-195-024 device  7 [0000:db:00] NVIDIA H800
NCCL version 2.26.2+cuda12.4
#
#                                                              out-of-place                       in-place          
#       size         count      type   redop    root     time   algbw   busbw #wrong     time   algbw   busbw #wrong
#        (B)    (elements)                               (us)  (GB/s)  (GB/s)            (us)  (GB/s)  (GB/s)       
    33554432       1048576     float    none      -1time:3701058919985275;GPU:0,Channel:3,Send:1,Recv:0,Send_Rate:32.15,Data:0.52,elapsed_s:0.02
time:3701058920006182;GPU:0,Channel:2,Send:1,Recv:0,Send_Rate:18.71,Data:0.52,elapsed_s:0.03
time:3701058920006306;GPU:0,Channel:1,Send:1,Recv:0,Send_Rate:18.44,Data:0.52,elapsed_s:0.03
time:3701060033473241;GPU:0,Channel:9,Send:1,Recv:0,Send_Rate:14.57,Data:0.52,elapsed_s:0.04
time:3701060033492169;GPU:0,Channel:11,Send:1,Recv:0,Send_Rate:11.23,Data:0.52,elapsed_s:0.05
time:3701060717328603;GPU:0,Channel:5,Send:1,Recv:0,Send_Rate:11.05,Data:0.52,elapsed_s:0.05
time:3701060352022666;GPU:0,Channel:13,Send:1,Recv:0,Send_Rate:10.77,Data:0.52,elapsed_s:0.05
time:3701060352023695;GPU:0,Channel:14,Send:1,Recv:0,Send_Rate:10.63,Data:0.52,elapsed_s:0.05
time:3701060033500972;GPU:0,Channel:10,Send:1,Recv:0,Send_Rate:10.18,Data:0.52,elapsed_s:0.05
time:3701060717333623;GPU:0,Channel:6,Send:1,Recv:0,Send_Rate:10.42,Data:0.52,elapsed_s:0.05
time:3701060717333402;GPU:0,Channel:7,Send:1,Recv:0,Send_Rate:10.36,Data:0.52,elapsed_s:0.05
time:3701060352028318;GPU:0,Channel:12,Send:1,Recv:0,Send_Rate:9.91,Data:0.52,elapsed_s:0.05
time:3701060352026368;GPU:0,Channel:15,Send:1,Recv:0,Send_Rate:10.27,Data:0.52,elapsed_s:0.05
time:3701060717337281;GPU:0,Channel:4,Send:1,Recv:0,Send_Rate:9.84,Data:0.52,elapsed_s:0.05
time:3701058920171293;GPU:0,Channel:3,Send:1,Recv:0,Send_Rate:29.25,Data:0.52,elapsed_s:0.02
time:3701060033647718;GPU:0,Channel:11,Send:1,Recv:0,Send_Rate:28.20,Data:0.52,elapsed_s:0.02
time:3701058920208648;GPU:0,Channel:2,Send:1,Recv:0,Send_Rate:27.13,Data:0.52,elapsed_s:0.02
time:3701060717502031;GPU:0,Channel:5,Send:1,Recv:0,Send_Rate:19.04,Data:0.52,elapsed_s:0.03
time:3701058920218442;GPU:0,Channel:1,Send:1,Recv:0,Send_Rate:26.18,Data:0.52,elapsed_s:0.02
time:3701060033681196;GPU:0,Channel:9,Send:1,Recv:0,Send_Rate:26.72,Data:0.52,elapsed_s:0.02
time:3701060352204213;GPU:0,Channel:13,Send:1,Recv:0,Send_Rate:27.36,Data:0.52,elapsed_s:0.02
time:3701060033700391;GPU:0,Channel:10,Send:1,Recv:0,Send_Rate:24.20,Data:0.52,elapsed_s:0.02
time:3701060717545736;GPU:0,Channel:4,Send:1,Recv:0,Send_Rate:24.15,Data:0.52,elapsed_s:0.02
time:3701060717545868;GPU:0,Channel:7,Send:1,Recv:0,Send_Rate:18.74,Data:0.52,elapsed_s:0.03
time:3701060352235716;GPU:0,Channel:12,Send:1,Recv:0,Send_Rate:23.64,Data:0.52,elapsed_s:0.02
time:3701060717550028;GPU:0,Channel:6,Send:1,Recv:0,Send_Rate:19.03,Data:0.52,elapsed_s:0.03
time:3701060352247927;GPU:0,Channel:15,Send:1,Recv:0,Send_Rate:20.86,Data:0.52,elapsed_s:0.03
time:3701060352252481;GPU:0,Channel:14,Send:1,Recv:0,Send_Rate:21.90,Data:0.52,elapsed_s:0.02
time:3701058920359670;GPU:0,Channel:2,Send:1,Recv:0,Send_Rate:28.70,Data:0.52,elapsed_s:0.02
time:3701058920365666;GPU:0,Channel:1,Send:1,Recv:0,Send_Rate:31.41,Data:0.52,elapsed_s:0.02
time:3701060033826234;GPU:0,Channel:9,Send:1,Recv:0,Send_Rate:29.50,Data:0.52,elapsed_s:0.02
time:3701060033816563;GPU:0,Channel:11,Send:1,Recv:0,Send_Rate:27.16,Data:0.52,elapsed_s:0.02
time:3701058920393534;GPU:0,Channel:3,Send:1,Recv:0,Send_Rate:17.51,Data:0.52,elapsed_s:0.03
time:3701060033849185;GPU:0,Channel:10,Send:1,Recv:0,Send_Rate:31.53,Data:0.52,elapsed_s:0.02
time:3701060717712582;GPU:0,Channel:6,Send:1,Recv:0,Send_Rate:22.16,Data:0.52,elapsed_s:0.02
time:3701060717713120;GPU:0,Channel:4,Send:1,Recv:0,Send_Rate:21.66,Data:0.52,elapsed_s:0.02
time:3701060352403706;GPU:0,Channel:12,Send:1,Recv:0,Send_Rate:23.19,Data:0.52,elapsed_s:0.02
time:3701060717717323;GPU:0,Channel:5,Send:1,Recv:0,Send_Rate:18.55,Data:0.52,elapsed_s:0.03
time:3701060717718869;GPU:0,Channel:7,Send:1,Recv:0,Send_Rate:19.31,Data:0.52,elapsed_s:0.03
time:3701060352420071;GPU:0,Channel:13,Send:1,Recv:0,Send_Rate:22.19,Data:0.52,elapsed_s:0.02
time:3701060352421094;GPU:0,Channel:14,Send:1,Recv:0,Send_Rate:24.08,Data:0.52,elapsed_s:0.02
time:3701060352421020;GPU:0,Channel:15,Send:1,Recv:0,Send_Rate:22.24,Data:0.52,elapsed_s:0.02
time:3701058920517503;GPU:0,Channel:2,Send:1,Recv:0,Send_Rate:30.53,Data:0.52,elapsed_s:0.02
time:3701058920519691;GPU:0,Channel:1,Send:1,Recv:0,Send_Rate:30.26,Data:0.52,elapsed_s:0.02
time:3701060033982027;GPU:0,Channel:9,Send:1,Recv:0,Send_Rate:31.35,Data:0.52,elapsed_s:0.02
time:3701058920541028;GPU:0,Channel:3,Send:1,Recv:0,Send_Rate:29.65,Data:0.52,elapsed_s:0.02
time:3701060033994444;GPU:0,Channel:10,Send:1,Recv:0,Send_Rate:31.08,Data:0.52,elapsed_s:0.02
time:3701060034010770;GPU:0,Channel:11,Send:1,Recv:0,Send_Rate:28.82,Data:0.52,elapsed_s:0.02
time:3701060717869308;GPU:0,Channel:6,Send:1,Recv:0,Send_Rate:26.25,Data:0.52,elapsed_s:0.02
time:3701060717870591;GPU:0,Channel:4,Send:1,Recv:0,Send_Rate:26.67,Data:0.52,elapsed_s:0.02
time:3701060717874366;GPU:0,Channel:5,Send:1,Recv:0,Send_Rate:25.22,Data:0.52,elapsed_s:0.02
time:3701060352566550;GPU:0,Channel:12,Send:1,Recv:0,Send_Rate:27.84,Data:0.52,elapsed_s:0.02
time:3701060717878274;GPU:0,Channel:7,Send:1,Recv:0,Send_Rate:24.33,Data:0.52,elapsed_s:0.02
time:3701060352584897;GPU:0,Channel:13,Send:1,Recv:0,Send_Rate:27.48,Data:0.52,elapsed_s:0.02
time:3701060352586978;GPU:0,Channel:14,Send:1,Recv:0,Send_Rate:29.12,Data:0.52,elapsed_s:0.02
time:3701060352591294;GPU:0,Channel:15,Send:1,Recv:0,Send_Rate:29.50,Data:0.52,elapsed_s:0.02
time:3701060034281963;GPU:0,Channel:9,Send:1,Recv:0,Send_Rate:13.70,Data:0.52,elapsed_s:0.04
time:3701058920810215;GPU:0,Channel:3,Send:1,Recv:0,Send_Rate:18.85,Data:0.52,elapsed_s:0.03
time:3701058920809143;GPU:0,Channel:2,Send:1,Recv:0,Send_Rate:19.07,Data:0.52,elapsed_s:0.03
time:3701058920808654;GPU:0,Channel:1,Send:1,Recv:0,Send_Rate:19.16,Data:0.52,elapsed_s:0.03
time:3701060034307095;GPU:0,Channel:11,Send:1,Recv:0,Send_Rate:9.89,Data:0.52,elapsed_s:0.05
time:3701060034309716;GPU:0,Channel:10,Send:1,Recv:0,Send_Rate:9.73,Data:0.52,elapsed_s:0.05
time:3701060718141489;GPU:0,Channel:4,Send:1,Recv:0,Send_Rate:9.92,Data:0.52,elapsed_s:0.05
time:3701060718141221;GPU:0,Channel:5,Send:1,Recv:0,Send_Rate:10.02,Data:0.52,elapsed_s:0.05
time:3701060718140631;GPU:0,Channel:7,Send:1,Recv:0,Send_Rate:9.95,Data:0.52,elapsed_s:0.05
time:3701060352833390;GPU:0,Channel:15,Send:1,Recv:0,Send_Rate:9.91,Data:0.52,elapsed_s:0.05
time:3701060352839776;GPU:0,Channel:12,Send:1,Recv:0,Send_Rate:9.19,Data:0.52,elapsed_s:0.06
time:3701060718149493;GPU:0,Channel:6,Send:1,Recv:0,Send_Rate:9.16,Data:0.52,elapsed_s:0.06
time:3701060352839701;GPU:0,Channel:14,Send:1,Recv:0,Send_Rate:9.27,Data:0.52,elapsed_s:0.06
time:3701060352837475;GPU:0,Channel:13,Send:1,Recv:0,Send_Rate:9.48,Data:0.52,elapsed_s:0.06
time:3701058921010468;GPU:0,Channel:1,Send:1,Recv:0,Send_Rate:26.09,Data:0.52,elapsed_s:0.02
time:3701058921012688;GPU:0,Channel:3,Send:1,Recv:0,Send_Rate:26.40,Data:0.52,elapsed_s:0.02
time:3701058921024572;GPU:0,Channel:2,Send:1,Recv:0,Send_Rate:25.58,Data:0.52,elapsed_s:0.02
time:3701060034489610;GPU:0,Channel:9,Send:1,Recv:0,Send_Rate:16.48,Data:0.52,elapsed_s:0.03
time:3701060718347715;GPU:0,Channel:4,Send:1,Recv:0,Send_Rate:21.37,Data:0.52,elapsed_s:0.02
time:3701060034505684;GPU:0,Channel:11,Send:1,Recv:0,Send_Rate:22.13,Data:0.52,elapsed_s:0.02
time:3701060034508399;GPU:0,Channel:10,Send:1,Recv:0,Send_Rate:21.98,Data:0.52,elapsed_s:0.02
time:3701060718364620;GPU:0,Channel:5,Send:1,Recv:0,Send_Rate:21.15,Data:0.52,elapsed_s:0.02
time:3701060718375926;GPU:0,Channel:6,Send:1,Recv:0,Send_Rate:16.43,Data:0.52,elapsed_s:0.03
time:3701060353067101;GPU:0,Channel:13,Send:1,Recv:0,Send_Rate:17.02,Data:0.52,elapsed_s:0.03
time:3701060353067513;GPU:0,Channel:12,Send:1,Recv:0,Send_Rate:16.80,Data:0.52,elapsed_s:0.03
time:3701060353070384;GPU:0,Channel:14,Send:1,Recv:0,Send_Rate:18.16,Data:0.52,elapsed_s:0.03
time:3701060718374931;GPU:0,Channel:7,Send:1,Recv:0,Send_Rate:14.80,Data:0.52,elapsed_s:0.04
time:3701060353066233;GPU:0,Channel:15,Send:1,Recv:0,Send_Rate:15.70,Data:0.52,elapsed_s:0.03
time:3701058921158572;GPU:0,Channel:1,Send:1,Recv:0,Send_Rate:28.46,Data:0.52,elapsed_s:0.02
time:3701058921163466;GPU:0,Channel:3,Send:1,Recv:0,Send_Rate:28.96,Data:0.52,elapsed_s:0.02
time:3701058921178115;GPU:0,Channel:2,Send:1,Recv:0,Send_Rate:31.20,Data:0.52,elapsed_s:0.02
time:3701060034640007;GPU:0,Channel:9,Send:1,Recv:0,Send_Rate:28.84,Data:0.52,elapsed_s:0.02
time:3701060718494384;GPU:0,Channel:4,Send:1,Recv:0,Send_Rate:30.95,Data:0.52,elapsed_s:0.02
time:3701060034674173;GPU:0,Channel:11,Send:1,Recv:0,Send_Rate:31.23,Data:0.52,elapsed_s:0.02
time:3701060034675903;GPU:0,Channel:10,Send:1,Recv:0,Send_Rate:29.86,Data:0.52,elapsed_s:0.02
time:3701060718513790;GPU:0,Channel:5,Send:1,Recv:0,Send_Rate:31.26,Data:0.52,elapsed_s:0.02
time:3701060718527785;GPU:0,Channel:6,Send:1,Recv:0,Send_Rate:29.04,Data:0.52,elapsed_s:0.02
time:3701060718545334;GPU:0,Channel:7,Send:1,Recv:0,Send_Rate:28.00,Data:0.52,elapsed_s:0.02
time:3701060353236221;GPU:0,Channel:13,Send:1,Recv:0,Send_Rate:24.57,Data:0.52,elapsed_s:0.02
time:3701060353237738;GPU:0,Channel:12,Send:1,Recv:0,Send_Rate:24.67,Data:0.52,elapsed_s:0.02
time:3701060353238892;GPU:0,Channel:14,Send:1,Recv:0,Send_Rate:27.03,Data:0.52,elapsed_s:0.02
time:3701060353245915;GPU:0,Channel:15,Send:1,Recv:0,Send_Rate:27.17,Data:0.52,elapsed_s:0.02
time:3701058921309134;GPU:0,Channel:1,Send:1,Recv:0,Send_Rate:31.05,Data:0.52,elapsed_s:0.02
time:3701058921321286;GPU:0,Channel:3,Send:1,Recv:0,Send_Rate:29.17,Data:0.52,elapsed_s:0.02
time:3701058921327743;GPU:0,Channel:2,Send:1,Recv:0,Send_Rate:31.12,Data:0.52,elapsed_s:0.02
time:3701060034791094;GPU:0,Channel:9,Send:1,Recv:0,Send_Rate:31.63,Data:0.52,elapsed_s:0.02
time:3701060718638959;GPU:0,Channel:4,Send:1,Recv:0,Send_Rate:31.41,Data:0.52,elapsed_s:0.02
time:3701060034824486;GPU:0,Channel:11,Send:1,Recv:0,Send_Rate:29.67,Data:0.52,elapsed_s:0.02
time:3701060034825451;GPU:0,Channel:10,Send:1,Recv:0,Send_Rate:30.66,Data:0.52,elapsed_s:0.02
time:3701060718664631;GPU:0,Channel:5,Send:1,Recv:0,Send_Rate:30.20,Data:0.52,elapsed_s:0.02
time:3701060718678575;GPU:0,Channel:6,Send:1,Recv:0,Send_Rate:31.26,Data:0.52,elapsed_s:0.02
time:3701060718692818;GPU:0,Channel:7,Send:1,Recv:0,Send_Rate:31.86,Data:0.52,elapsed_s:0.02
time:3701060353399322;GPU:0,Channel:13,Send:1,Recv:0,Send_Rate:30.96,Data:0.52,elapsed_s:0.02
time:3701060353403402;GPU:0,Channel:12,Send:1,Recv:0,Send_Rate:30.97,Data:0.52,elapsed_s:0.02
time:3701060353407912;GPU:0,Channel:14,Send:1,Recv:0,Send_Rate:30.82,Data:0.52,elapsed_s:0.02
time:3701060353408848;GPU:0,Channel:15,Send:1,Recv:0,Send_Rate:31.73,Data:0.52,elapsed_s:0.02
time:3701060035099625;GPU:0,Channel:9,Send:1,Recv:0,Send_Rate:13.10,Data:0.52,elapsed_s:0.04
time:3701058921624284;GPU:0,Channel:1,Send:1,Recv:0,Send_Rate:19.23,Data:0.52,elapsed_s:0.03
time:3701058921624013;GPU:0,Channel:2,Send:1,Recv:0,Send_Rate:19.11,Data:0.52,elapsed_s:0.03
time:3701058921626255;GPU:0,Channel:3,Send:1,Recv:0,Send_Rate:18.58,Data:0.52,elapsed_s:0.03
time:3701060035124240;GPU:0,Channel:11,Send:1,Recv:0,Send_Rate:9.72,Data:0.52,elapsed_s:0.05
time:3701060035122820;GPU:0,Channel:10,Send:1,Recv:0,Send_Rate:9.90,Data:0.52,elapsed_s:0.05
time:3701060718956793;GPU:0,Channel:4,Send:1,Recv:0,Send_Rate:9.82,Data:0.52,elapsed_s:0.05
time:3701060718955183;GPU:0,Channel:5,Send:1,Recv:0,Send_Rate:10.07,Data:0.52,elapsed_s:0.05
time:3701060718965381;GPU:0,Channel:7,Send:1,Recv:0,Send_Rate:9.12,Data:0.52,elapsed_s:0.06
time:3701060353654061;GPU:0,Channel:15,Send:1,Recv:0,Send_Rate:9.35,Data:0.52,elapsed_s:0.06
time:3701060353654083;GPU:0,Channel:12,Send:1,Recv:0,Send_Rate:9.29,Data:0.52,elapsed_s:0.06
time:3701060353652947;GPU:0,Channel:14,Send:1,Recv:0,Send_Rate:9.45,Data:0.52,elapsed_s:0.06
time:3701060718968653;GPU:0,Channel:6,Send:1,Recv:0,Send_Rate:8.80,Data:0.52,elapsed_s:0.06
time:3701060353651067;GPU:0,Channel:13,Send:1,Recv:0,Send_Rate:9.62,Data:0.52,elapsed_s:0.05
time:3701058921828729;GPU:0,Channel:1,Send:1,Recv:0,Send_Rate:25.81,Data:0.52,elapsed_s:0.02
time:3701058921831511;GPU:0,Channel:3,Send:1,Recv:0,Send_Rate:26.69,Data:0.52,elapsed_s:0.02
time:3701058921834344;GPU:0,Channel:2,Send:1,Recv:0,Send_Rate:26.71,Data:0.52,elapsed_s:0.02
time:3701060035307597;GPU:0,Channel:9,Send:1,Recv:0,Send_Rate:21.30,Data:0.52,elapsed_s:0.02
time:3701060719191194;GPU:0,Channel:4,Send:1,Recv:0,Send_Rate:15.34,Data:0.52,elapsed_s:0.03
time:3701060719193828;GPU:0,Channel:6,Send:1,Recv:0,Send_Rate:15.58,Data:0.52,elapsed_s:0.03
time:3701060035347749;GPU:0,Channel:11,Send:1,Recv:0,Send_Rate:12.45,Data:0.52,elapsed_s:0.04
time:3701060719184132;GPU:0,Channel:7,Send:1,Recv:0,Send_Rate:13.75,Data:0.52,elapsed_s:0.04
time:3701060719197582;GPU:0,Channel:5,Send:1,Recv:0,Send_Rate:14.71,Data:0.52,elapsed_s:0.04
time:3701060035352405;GPU:0,Channel:10,Send:1,Recv:0,Send_Rate:14.55,Data:0.52,elapsed_s:0.04
time:3701060353887081;GPU:0,Channel:12,Send:1,Recv:0,Send_Rate:13.90,Data:0.52,elapsed_s:0.04
time:3701060353887671;GPU:0,Channel:13,Send:1,Recv:0,Send_Rate:13.54,Data:0.52,elapsed_s:0.04
time:3701060353878446;GPU:0,Channel:15,Send:1,Recv:0,Send_Rate:16.05,Data:0.52,elapsed_s:0.03
time:3701060353890607;GPU:0,Channel:14,Send:1,Recv:0,Send_Rate:16.83,Data:0.52,elapsed_s:0.03
time:3701058921985064;GPU:0,Channel:1,Send:1,Recv:0,Send_Rate:31.48,Data:0.52,elapsed_s:0.02
time:3701058921988908;GPU:0,Channel:3,Send:1,Recv:0,Send_Rate:31.99,Data:0.52,elapsed_s:0.02
time:3701058921990975;GPU:0,Channel:2,Send:1,Recv:0,Send_Rate:31.29,Data:0.52,elapsed_s:0.02
time:3701060035466292;GPU:0,Channel:9,Send:1,Recv:0,Send_Rate:31.49,Data:0.52,elapsed_s:0.02
time:3701060719347750;GPU:0,Channel:4,Send:1,Recv:0,Send_Rate:31.03,Data:0.52,elapsed_s:0.02
time:3701060719349965;GPU:0,Channel:6,Send:1,Recv:0,Send_Rate:30.68,Data:0.52,elapsed_s:0.02
time:3701060035531738;GPU:0,Channel:11,Send:1,Recv:0,Send_Rate:28.77,Data:0.52,elapsed_s:0.02
time:3701060719369877;GPU:0,Channel:5,Send:1,Recv:0,Send_Rate:29.51,Data:0.52,elapsed_s:0.02
time:3701060719377976;GPU:0,Channel:7,Send:1,Recv:0,Send_Rate:27.51,Data:0.52,elapsed_s:0.02
time:3701060035550679;GPU:0,Channel:10,Send:1,Recv:0,Send_Rate:27.22,Data:0.52,elapsed_s:0.02
time:3701060354088215;GPU:0,Channel:14,Send:1,Recv:0,Send_Rate:25.27,Data:0.52,elapsed_s:0.02
time:3701060354088836;GPU:0,Channel:12,Send:1,Recv:0,Send_Rate:23.33,Data:0.52,elapsed_s:0.02
time:3701060354090183;GPU:0,Channel:13,Send:1,Recv:0,Send_Rate:23.48,Data:0.52,elapsed_s:0.02
time:3701060354091449;GPU:0,Channel:15,Send:1,Recv:0,Send_Rate:23.72,Data:0.52,elapsed_s:0.02
time:3701058922143656;GPU:0,Channel:1,Send:1,Recv:0,Send_Rate:30.03,Data:0.52,elapsed_s:0.02
time:3701058922152043;GPU:0,Channel:3,Send:1,Recv:0,Send_Rate:31.21,Data:0.52,elapsed_s:0.02
time:3701058922152149;GPU:0,Channel:2,Send:1,Recv:0,Send_Rate:31.21,Data:0.52,elapsed_s:0.02
time:3701060035617558;GPU:0,Channel:9,Send:1,Recv:0,Send_Rate:31.82,Data:0.52,elapsed_s:0.02
time:3701060719496348;GPU:0,Channel:4,Send:1,Recv:0,Send_Rate:31.31,Data:0.52,elapsed_s:0.02
time:3701060719498078;GPU:0,Channel:6,Send:1,Recv:0,Send_Rate:31.46,Data:0.52,elapsed_s:0.02
time:3701060035686707;GPU:0,Channel:11,Send:1,Recv:0,Send_Rate:29.62,Data:0.52,elapsed_s:0.02
time:3701060719520905;GPU:0,Channel:5,Send:1,Recv:0,Send_Rate:30.26,Data:0.52,elapsed_s:0.02
time:3701060719529858;GPU:0,Channel:7,Send:1,Recv:0,Send_Rate:30.44,Data:0.52,elapsed_s:0.02
time:3701060035704219;GPU:0,Channel:10,Send:1,Recv:0,Send_Rate:30.09,Data:0.52,elapsed_s:0.02
time:3701060354249175;GPU:0,Channel:14,Send:1,Recv:0,Send_Rate:30.57,Data:0.52,elapsed_s:0.02
time:3701060354251337;GPU:0,Channel:12,Send:1,Recv:0,Send_Rate:31.22,Data:0.52,elapsed_s:0.02
time:3701060354256026;GPU:0,Channel:13,Send:1,Recv:0,Send_Rate:30.44,Data:0.52,elapsed_s:0.02
time:3701060354256743;GPU:0,Channel:15,Send:1,Recv:0,Send_Rate:29.79,Data:0.52,elapsed_s:0.02
time:3701058922475946;GPU:0,Channel:3,Send:1,Recv:0,Send_Rate:19.58,Data:0.52,elapsed_s:0.03
time:3701060035955624;GPU:0,Channel:9,Send:1,Recv:0,Send_Rate:12.69,Data:0.52,elapsed_s:0.04
time:3701058922478526;GPU:0,Channel:2,Send:1,Recv:0,Send_Rate:18.45,Data:0.52,elapsed_s:0.03
time:3701058922478427;GPU:0,Channel:1,Send:1,Recv:0,Send_Rate:18.82,Data:0.52,elapsed_s:0.03
time:3701060035980353;GPU:0,Channel:11,Send:1,Recv:0,Send_Rate:9.38,Data:0.52,elapsed_s:0.06
time:3701060035974434;GPU:0,Channel:10,Send:1,Recv:0,Send_Rate:10.00,Data:0.52,elapsed_s:0.05
time:3701060719820704;GPU:0,Channel:7,Send:1,Recv:0,Send_Rate:8.88,Data:0.52,elapsed_s:0.06
time:3701060354512326;GPU:0,Channel:15,Send:1,Recv:0,Send_Rate:8.87,Data:0.52,elapsed_s:0.06
time:3701060719816847;GPU:0,Channel:4,Send:1,Recv:0,Send_Rate:9.17,Data:0.52,elapsed_s:0.06
time:3701060354510285;GPU:0,Channel:12,Send:1,Recv:0,Send_Rate:8.97,Data:0.52,elapsed_s:0.06
time:3701060719816944;GPU:0,Channel:6,Send:1,Recv:0,Send_Rate:9.28,Data:0.52,elapsed_s:0.06
time:3701060354506431;GPU:0,Channel:14,Send:1,Recv:0,Send_Rate:9.40,Data:0.52,elapsed_s:0.06
time:3701060719818706;GPU:0,Channel:5,Send:1,Recv:0,Send_Rate:9.06,Data:0.52,elapsed_s:0.06
time:3701060354508864;GPU:0,Channel:13,Send:1,Recv:0,Send_Rate:9.18,Data:0.52,elapsed_s:0.06
time:3701058922677218;GPU:0,Channel:3,Send:1,Recv:0,Send_Rate:26.31,Data:0.52,elapsed_s:0.02
time:3701058922679363;GPU:0,Channel:1,Send:1,Recv:0,Send_Rate:26.69,Data:0.52,elapsed_s:0.02
time:3701058922685994;GPU:0,Channel:2,Send:1,Recv:0,Send_Rate:26.37,Data:0.52,elapsed_s:0.02
time:3701060036148843;GPU:0,Channel:9,Send:1,Recv:0,Send_Rate:26.31,Data:0.52,elapsed_s:0.02
time:3701060036175068;GPU:0,Channel:11,Send:1,Recv:0,Send_Rate:26.02,Data:0.52,elapsed_s:0.02
time:3701060036174909;GPU:0,Channel:10,Send:1,Recv:0,Send_Rate:21.81,Data:0.52,elapsed_s:0.02
time:3701060720028896;GPU:0,Channel:4,Send:1,Recv:0,Send_Rate:23.66,Data:0.52,elapsed_s:0.02
time:3701060354728662;GPU:0,Channel:15,Send:1,Recv:0,Send_Rate:19.73,Data:0.52,elapsed_s:0.03
time:3701060720047548;GPU:0,Channel:5,Send:1,Recv:0,Send_Rate:22.38,Data:0.52,elapsed_s:0.02
time:3701060354740648;GPU:0,Channel:12,Send:1,Recv:0,Send_Rate:19.09,Data:0.52,elapsed_s:0.03
time:3701060720052435;GPU:0,Channel:6,Send:1,Recv:0,Send_Rate:16.19,Data:0.52,elapsed_s:0.03
time:3701060720051049;GPU:0,Channel:7,Send:1,Recv:0,Send_Rate:16.72,Data:0.52,elapsed_s:0.03
time:3701060354745095;GPU:0,Channel:14,Send:1,Recv:0,Send_Rate:18.33,Data:0.52,elapsed_s:0.03
time:3701060354749666;GPU:0,Channel:13,Send:1,Recv:0,Send_Rate:18.46,Data:0.52,elapsed_s:0.03
time:3701058922828452;GPU:0,Channel:1,Send:1,Recv:0,Send_Rate:31.75,Data:0.52,elapsed_s:0.02
time:3701058922828642;GPU:0,Channel:3,Send:1,Recv:0,Send_Rate:31.57,Data:0.52,elapsed_s:0.02
time:3701058922838746;GPU:0,Channel:2,Send:1,Recv:0,Send_Rate:30.50,Data:0.52,elapsed_s:0.02
time:3701060036305322;GPU:0,Channel:9,Send:1,Recv:0,Send_Rate:31.68,Data:0.52,elapsed_s:0.02
time:3701060036342947;GPU:0,Channel:11,Send:1,Recv:0,Send_Rate:30.52,Data:0.52,elapsed_s:0.02
time:3701060036344268;GPU:0,Channel:10,Send:1,Recv:0,Send_Rate:29.63,Data:0.52,elapsed_s:0.02
time:3701060720179278;GPU:0,Channel:4,Send:1,Recv:0,Send_Rate:30.94,Data:0.52,elapsed_s:0.02
time:3701060720196169;GPU:0,Channel:5,Send:1,Recv:0,Send_Rate:30.83,Data:0.52,elapsed_s:0.02
time:3701060354893879;GPU:0,Channel:15,Send:1,Recv:0,Send_Rate:29.18,Data:0.52,elapsed_s:0.02
time:3701060720207755;GPU:0,Channel:6,Send:1,Recv:0,Send_Rate:28.16,Data:0.52,elapsed_s:0.02
time:3701060720208159;GPU:0,Channel:7,Send:1,Recv:0,Send_Rate:27.97,Data:0.52,elapsed_s:0.02
time:3701060354914471;GPU:0,Channel:12,Send:1,Recv:0,Send_Rate:28.97,Data:0.52,elapsed_s:0.02
time:3701060354916197;GPU:0,Channel:14,Send:1,Recv:0,Send_Rate:28.61,Data:0.52,elapsed_s:0.02
time:3701060354918983;GPU:0,Channel:13,Send:1,Recv:0,Send_Rate:26.55,Data:0.52,elapsed_s:0.02
time:3701058922979405;GPU:0,Channel:1,Send:1,Recv:0,Send_Rate:31.90,Data:0.52,elapsed_s:0.02
time:3701058922979746;GPU:0,Channel:3,Send:1,Recv:0,Send_Rate:31.59,Data:0.52,elapsed_s:0.02
time:3701058922989318;GPU:0,Channel:2,Send:1,Recv:0,Send_Rate:30.08,Data:0.52,elapsed_s:0.02
time:3701060036454442;GPU:0,Channel:9,Send:1,Recv:0,Send_Rate:31.38,Data:0.52,elapsed_s:0.02
time:3701060036486848;GPU:0,Channel:11,Send:1,Recv:0,Send_Rate:31.55,Data:0.52,elapsed_s:0.02
time:3701060036496609;GPU:0,Channel:10,Send:1,Recv:0,Send_Rate:29.84,Data:0.52,elapsed_s:0.02
time:3701060720330723;GPU:0,Channel:4,Send:1,Recv:0,Send_Rate:31.50,Data:0.52,elapsed_s:0.02
time:3701060720347626;GPU:0,Channel:5,Send:1,Recv:0,Send_Rate:30.78,Data:0.52,elapsed_s:0.02
time:3701060720356425;GPU:0,Channel:6,Send:1,Recv:0,Send_Rate:30.28,Data:0.52,elapsed_s:0.02
time:3701060720356561;GPU:0,Channel:7,Send:1,Recv:0,Send_Rate:31.88,Data:0.52,elapsed_s:0.02
time:3701060355052556;GPU:0,Channel:15,Send:1,Recv:0,Send_Rate:30.89,Data:0.52,elapsed_s:0.02
time:3701060355067822;GPU:0,Channel:12,Send:1,Recv:0,Send_Rate:30.43,Data:0.52,elapsed_s:0.02
time:3701060355073793;GPU:0,Channel:14,Send:1,Recv:0,Send_Rate:32.33,Data:0.52,elapsed_s:0.02
time:3701060355079928;GPU:0,Channel:13,Send:1,Recv:0,Send_Rate:29.35,Data:0.52,elapsed_s:0.02
time:3701058923289987;GPU:0,Channel:1,Send:1,Recv:0,Send_Rate:19.16,Data:0.52,elapsed_s:0.03
time:3701060036759437;GPU:0,Channel:9,Send:1,Recv:0,Send_Rate:14.45,Data:0.52,elapsed_s:0.04
time:3701058923288539;GPU:0,Channel:3,Send:1,Recv:0,Send_Rate:19.71,Data:0.52,elapsed_s:0.03
time:3701058923291166;GPU:0,Channel:2,Send:1,Recv:0,Send_Rate:18.64,Data:0.52,elapsed_s:0.03
time:3701060036787111;GPU:0,Channel:11,Send:1,Recv:0,Send_Rate:10.00,Data:0.52,elapsed_s:0.05
time:3701060036791454;GPU:0,Channel:10,Send:1,Recv:0,Send_Rate:9.63,Data:0.52,elapsed_s:0.05
time:3701060720626365;GPU:0,Channel:4,Send:1,Recv:0,Send_Rate:9.52,Data:0.52,elapsed_s:0.06
time:3701060720633902;GPU:0,Channel:7,Send:1,Recv:0,Send_Rate:8.85,Data:0.52,elapsed_s:0.06
time:3701060720627803;GPU:0,Channel:5,Send:1,Recv:0,Send_Rate:9.42,Data:0.52,elapsed_s:0.06
time:3701060355323192;GPU:0,Channel:15,Send:1,Recv:0,Send_Rate:9.08,Data:0.52,elapsed_s:0.06
time:3701060720632080;GPU:0,Channel:6,Send:1,Recv:0,Send_Rate:9.08,Data:0.52,elapsed_s:0.06
time:3701060355318616;GPU:0,Channel:14,Send:1,Recv:0,Send_Rate:9.47,Data:0.52,elapsed_s:0.06
time:3701060355326092;GPU:0,Channel:12,Send:1,Recv:0,Send_Rate:8.77,Data:0.52,elapsed_s:0.06
time:3701060355324700;GPU:0,Channel:13,Send:1,Recv:0,Send_Rate:8.94,Data:0.52,elapsed_s:0.06
time:3701058923499538;GPU:0,Channel:1,Send:1,Recv:0,Send_Rate:23.34,Data:0.52,elapsed_s:0.02
time:3701058923508706;GPU:0,Channel:3,Send:1,Recv:0,Send_Rate:21.31,Data:0.52,elapsed_s:0.02
time:3701058923515650;GPU:0,Channel:2,Send:1,Recv:0,Send_Rate:21.77,Data:0.52,elapsed_s:0.02
time:3701060036955655;GPU:0,Channel:9,Send:1,Recv:0,Send_Rate:17.43,Data:0.52,elapsed_s:0.03
time:3701060036989723;GPU:0,Channel:10,Send:1,Recv:0,Send_Rate:23.76,Data:0.52,elapsed_s:0.02
time:3701060720836779;GPU:0,Channel:4,Send:1,Recv:0,Send_Rate:23.57,Data:0.52,elapsed_s:0.02
time:3701060036999934;GPU:0,Channel:11,Send:1,Recv:0,Send_Rate:17.72,Data:0.52,elapsed_s:0.03
time:3701060720849991;GPU:0,Channel:6,Send:1,Recv:0,Send_Rate:20.12,Data:0.52,elapsed_s:0.03
time:3701060720859169;GPU:0,Channel:7,Send:1,Recv:0,Send_Rate:15.57,Data:0.52,elapsed_s:0.03
time:3701060720862247;GPU:0,Channel:5,Send:1,Recv:0,Send_Rate:21.35,Data:0.52,elapsed_s:0.02
time:3701060355557334;GPU:0,Channel:14,Send:1,Recv:0,Send_Rate:20.30,Data:0.52,elapsed_s:0.03
time:3701060355559447;GPU:0,Channel:13,Send:1,Recv:0,Send_Rate:18.27,Data:0.52,elapsed_s:0.03
time:3701060355561802;GPU:0,Channel:12,Send:1,Recv:0,Send_Rate:17.41,Data:0.52,elapsed_s:0.03
time:3701060355564145;GPU:0,Channel:15,Send:1,Recv:0,Send_Rate:15.16,Data:0.52,elapsed_s:0.03
time:3701058923656293;GPU:0,Channel:1,Send:1,Recv:0,Send_Rate:31.02,Data:0.52,elapsed_s:0.02
time:3701058923669406;GPU:0,Channel:3,Send:1,Recv:0,Send_Rate:30.80,Data:0.52,elapsed_s:0.02
time:3701058923676001;GPU:0,Channel:2,Send:1,Recv:0,Send_Rate:31.39,Data:0.52,elapsed_s:0.02
time:3701060037132302;GPU:0,Channel:9,Send:1,Recv:0,Send_Rate:29.17,Data:0.52,elapsed_s:0.02
time:3701060037149840;GPU:0,Channel:10,Send:1,Recv:0,Send_Rate:30.11,Data:0.52,elapsed_s:0.02
time:3701060720983682;GPU:0,Channel:4,Send:1,Recv:0,Send_Rate:31.62,Data:0.52,elapsed_s:0.02
time:3701060721000821;GPU:0,Channel:6,Send:1,Recv:0,Send_Rate:30.61,Data:0.52,elapsed_s:0.02
time:3701060037167534;GPU:0,Channel:11,Send:1,Recv:0,Send_Rate:29.36,Data:0.52,elapsed_s:0.02
time:3701060721015600;GPU:0,Channel:5,Send:1,Recv:0,Send_Rate:29.97,Data:0.52,elapsed_s:0.02
time:3701060721016644;GPU:0,Channel:7,Send:1,Recv:0,Send_Rate:29.43,Data:0.52,elapsed_s:0.02
time:3701060355723707;GPU:0,Channel:14,Send:1,Recv:0,Send_Rate:30.38,Data:0.52,elapsed_s:0.02
time:3701060355729101;GPU:0,Channel:13,Send:1,Recv:0,Send_Rate:31.25,Data:0.52,elapsed_s:0.02
time:3701060355731861;GPU:0,Channel:12,Send:1,Recv:0,Send_Rate:30.75,Data:0.52,elapsed_s:0.02
time:3701060355735592;GPU:0,Channel:15,Send:1,Recv:0,Send_Rate:29.83,Data:0.52,elapsed_s:0.02
time:3701058923807264;GPU:0,Channel:1,Send:1,Recv:0,Send_Rate:32.02,Data:0.52,elapsed_s:0.02
time:3701058923818933;GPU:0,Channel:3,Send:1,Recv:0,Send_Rate:30.79,Data:0.52,elapsed_s:0.02
time:3701058923833306;GPU:0,Channel:2,Send:1,Recv:0,Send_Rate:29.79,Data:0.52,elapsed_s:0.02
time:3701060037288541;GPU:0,Channel:9,Send:1,Recv:0,Send_Rate:30.66,Data:0.52,elapsed_s:0.02
time:3701060037303974;GPU:0,Channel:10,Send:1,Recv:0,Send_Rate:30.98,Data:0.52,elapsed_s:0.02
time:3701060721138000;GPU:0,Channel:4,Send:1,Recv:0,Send_Rate:31.67,Data:0.52,elapsed_s:0.02
time:3701060037320566;GPU:0,Channel:11,Send:1,Recv:0,Send_Rate:30.57,Data:0.52,elapsed_s:0.02
time:3701060721155115;GPU:0,Channel:6,Send:1,Recv:0,Send_Rate:30.00,Data:0.52,elapsed_s:0.02
time:3701060721167777;GPU:0,Channel:5,Send:1,Recv:0,Send_Rate:31.34,Data:0.52,elapsed_s:0.02
time:3701060721169893;GPU:0,Channel:7,Send:1,Recv:0,Send_Rate:31.18,Data:0.52,elapsed_s:0.02
time:3701060355877595;GPU:0,Channel:14,Send:1,Recv:0,Send_Rate:31.46,Data:0.52,elapsed_s:0.02
time:3701060355890284;GPU:0,Channel:13,Send:1,Recv:0,Send_Rate:30.69,Data:0.52,elapsed_s:0.02
time:3701060355895709;GPU:0,Channel:12,Send:1,Recv:0,Send_Rate:30.00,Data:0.52,elapsed_s:0.02
time:3701060355898401;GPU:0,Channel:15,Send:1,Recv:0,Send_Rate:31.51,Data:0.52,elapsed_s:0.02
time:3701060037608460;GPU:0,Channel:9,Send:1,Recv:0,Send_Rate:13.74,Data:0.52,elapsed_s:0.04
time:3701058924137807;GPU:0,Channel:3,Send:1,Recv:0,Send_Rate:18.75,Data:0.52,elapsed_s:0.03
time:3701058924136240;GPU:0,Channel:2,Send:1,Recv:0,Send_Rate:19.16,Data:0.52,elapsed_s:0.03
time:3701058924136603;GPU:0,Channel:1,Send:1,Recv:0,Send_Rate:19.14,Data:0.52,elapsed_s:0.03
time:3701060721465102;GPU:0,Channel:4,Send:1,Recv:0,Send_Rate:10.30,Data:0.52,elapsed_s:0.05
time:3701060037634963;GPU:0,Channel:11,Send:1,Recv:0,Send_Rate:9.83,Data:0.52,elapsed_s:0.05
time:3701060721467815;GPU:0,Channel:5,Send:1,Recv:0,Send_Rate:10.09,Data:0.52,elapsed_s:0.05
time:3701060721471314;GPU:0,Channel:7,Send:1,Recv:0,Send_Rate:9.61,Data:0.52,elapsed_s:0.05
time:3701060356161449;GPU:0,Channel:13,Send:1,Recv:0,Send_Rate:9.81,Data:0.52,elapsed_s:0.05
time:3701060037641461;GPU:0,Channel:10,Send:1,Recv:0,Send_Rate:9.30,Data:0.52,elapsed_s:0.06
time:3701060356161567;GPU:0,Channel:15,Send:1,Recv:0,Send_Rate:9.77,Data:0.52,elapsed_s:0.05
time:3701060356165113;GPU:0,Channel:14,Send:1,Recv:0,Send_Rate:9.44,Data:0.52,elapsed_s:0.06
time:3701060356167649;GPU:0,Channel:12,Send:1,Recv:0,Send_Rate:9.12,Data:0.52,elapsed_s:0.06
time:3701060721480321;GPU:0,Channel:6,Send:1,Recv:0,Send_Rate:8.89,Data:0.52,elapsed_s:0.06
time:3701058924341340;GPU:0,Channel:1,Send:1,Recv:0,Send_Rate:26.67,Data:0.52,elapsed_s:0.02
time:3701058924346345;GPU:0,Channel:2,Send:1,Recv:0,Send_Rate:26.54,Data:0.52,elapsed_s:0.02
time:3701058924346310;GPU:0,Channel:3,Send:1,Recv:0,Send_Rate:25.92,Data:0.52,elapsed_s:0.02
time:3701060037794562;GPU:0,Channel:9,Send:1,Recv:0,Send_Rate:24.32,Data:0.52,elapsed_s:0.02
time:3701060721667441;GPU:0,Channel:4,Send:1,Recv:0,Send_Rate:21.96,Data:0.52,elapsed_s:0.02
time:3701060721680122;GPU:0,Channel:5,Send:1,Recv:0,Send_Rate:19.82,Data:0.52,elapsed_s:0.03
time:3701060037853574;GPU:0,Channel:11,Send:1,Recv:0,Send_Rate:14.96,Data:0.52,elapsed_s:0.04
time:3701060356391341;GPU:0,Channel:13,Send:1,Recv:0,Send_Rate:17.34,Data:0.52,elapsed_s:0.03
time:3701060721707689;GPU:0,Channel:6,Send:1,Recv:0,Send_Rate:17.05,Data:0.52,elapsed_s:0.03
time:3701060356397217;GPU:0,Channel:14,Send:1,Recv:0,Send_Rate:17.05,Data:0.52,elapsed_s:0.03
time:3701060356399721;GPU:0,Channel:12,Send:1,Recv:0,Send_Rate:17.00,Data:0.52,elapsed_s:0.03
time:3701060721704170;GPU:0,Channel:7,Send:1,Recv:0,Send_Rate:15.87,Data:0.52,elapsed_s:0.03
time:3701060037871525;GPU:0,Channel:10,Send:1,Recv:0,Send_Rate:14.35,Data:0.52,elapsed_s:0.04
time:3701060356396445;GPU:0,Channel:15,Send:1,Recv:0,Send_Rate:15.48,Data:0.52,elapsed_s:0.03
time:3701058924487221;GPU:0,Channel:1,Send:1,Recv:0,Send_Rate:31.17,Data:0.52,elapsed_s:0.02
time:3701058924498534;GPU:0,Channel:2,Send:1,Recv:0,Send_Rate:30.91,Data:0.52,elapsed_s:0.02
time:3701058924500741;GPU:0,Channel:3,Send:1,Recv:0,Send_Rate:30.36,Data:0.52,elapsed_s:0.02
time:3701060037976047;GPU:0,Channel:9,Send:1,Recv:0,Send_Rate:28.86,Data:0.52,elapsed_s:0.02
time:3701060721814809;GPU:0,Channel:4,Send:1,Recv:0,Send_Rate:31.66,Data:0.52,elapsed_s:0.02
time:3701060721825805;GPU:0,Channel:5,Send:1,Recv:0,Send_Rate:31.47,Data:0.52,elapsed_s:0.02
time:3701060038020148;GPU:0,Channel:11,Send:1,Recv:0,Send_Rate:29.25,Data:0.52,elapsed_s:0.02
time:3701060356546492;GPU:0,Channel:13,Send:1,Recv:0,Send_Rate:31.36,Data:0.52,elapsed_s:0.02
time:3701060721869807;GPU:0,Channel:6,Send:1,Recv:0,Send_Rate:27.08,Data:0.52,elapsed_s:0.02
time:3701060038045654;GPU:0,Channel:10,Send:1,Recv:0,Send_Rate:29.63,Data:0.52,elapsed_s:0.02
time:3701060356574284;GPU:0,Channel:12,Send:1,Recv:0,Send_Rate:28.50,Data:0.52,elapsed_s:0.02
time:3701060356574937;GPU:0,Channel:14,Send:1,Recv:0,Send_Rate:24.45,Data:0.52,elapsed_s:0.02
time:3701060721887566;GPU:0,Channel:7,Send:1,Recv:0,Send_Rate:25.49,Data:0.52,elapsed_s:0.02
time:3701060356585990;GPU:0,Channel:15,Send:1,Recv:0,Send_Rate:25.39,Data:0.52,elapsed_s:0.02
time:3701058924640285;GPU:0,Channel:1,Send:1,Recv:0,Send_Rate:30.97,Data:0.52,elapsed_s:0.02
time:3701058924651267;GPU:0,Channel:2,Send:1,Recv:0,Send_Rate:30.74,Data:0.52,elapsed_s:0.02
time:3701058924653654;GPU:0,Channel:3,Send:1,Recv:0,Send_Rate:29.95,Data:0.52,elapsed_s:0.02
time:3701060038125634;GPU:0,Channel:9,Send:1,Recv:0,Send_Rate:30.16,Data:0.52,elapsed_s:0.02
time:3701060721967648;GPU:0,Channel:4,Send:1,Recv:0,Send_Rate:32.24,Data:0.52,elapsed_s:0.02
time:3701060721976388;GPU:0,Channel:5,Send:1,Recv:0,Send_Rate:30.70,Data:0.52,elapsed_s:0.02
time:3701060038167283;GPU:0,Channel:11,Send:1,Recv:0,Send_Rate:29.96,Data:0.52,elapsed_s:0.02
time:3701060356702740;GPU:0,Channel:13,Send:1,Recv:0,Send_Rate:30.20,Data:0.52,elapsed_s:0.02
time:3701060722020990;GPU:0,Channel:6,Send:1,Recv:0,Send_Rate:31.03,Data:0.52,elapsed_s:0.02
time:3701060038194611;GPU:0,Channel:10,Send:1,Recv:0,Send_Rate:30.84,Data:0.52,elapsed_s:0.02
time:3701060722041553;GPU:0,Channel:7,Send:1,Recv:0,Send_Rate:31.30,Data:0.52,elapsed_s:0.02
time:3701060356733627;GPU:0,Channel:12,Send:1,Recv:0,Send_Rate:31.10,Data:0.52,elapsed_s:0.02
time:3701060356738441;GPU:0,Channel:14,Send:1,Recv:0,Send_Rate:30.40,Data:0.52,elapsed_s:0.02
time:3701060356744914;GPU:0,Channel:15,Send:1,Recv:0,Send_Rate:31.53,Data:0.52,elapsed_s:0.02
time:3701058924957923;GPU:0,Channel:3,Send:1,Recv:0,Send_Rate:19.33,Data:0.52,elapsed_s:0.03
time:3701058924959397;GPU:0,Channel:1,Send:1,Recv:0,Send_Rate:18.73,Data:0.52,elapsed_s:0.03
time:3701058924958445;GPU:0,Channel:2,Send:1,Recv:0,Send_Rate:19.05,Data:0.52,elapsed_s:0.03
time:3701060038431501;GPU:0,Channel:9,Send:1,Recv:0,Send_Rate:13.35,Data:0.52,elapsed_s:0.04
time:3701060038451625;GPU:0,Channel:11,Send:1,Recv:0,Send_Rate:10.37,Data:0.52,elapsed_s:0.05
time:3701060038455142;GPU:0,Channel:10,Send:1,Recv:0,Send_Rate:10.06,Data:0.52,elapsed_s:0.05
time:3701060722288389;GPU:0,Channel:7,Send:1,Recv:0,Send_Rate:10.10,Data:0.52,elapsed_s:0.05
time:3701060722288864;GPU:0,Channel:4,Send:1,Recv:0,Send_Rate:9.99,Data:0.52,elapsed_s:0.05
time:3701060722293743;GPU:0,Channel:6,Send:1,Recv:0,Send_Rate:9.59,Data:0.52,elapsed_s:0.05
time:3701060356982810;GPU:0,Channel:15,Send:1,Recv:0,Send_Rate:9.89,Data:0.52,elapsed_s:0.05
time:3701060356988117;GPU:0,Channel:12,Send:1,Recv:0,Send_Rate:9.27,Data:0.52,elapsed_s:0.06
time:3701060722291476;GPU:0,Channel:5,Send:1,Recv:0,Send_Rate:9.78,Data:0.52,elapsed_s:0.05
time:3701060356984453;GPU:0,Channel:14,Send:1,Recv:0,Send_Rate:9.69,Data:0.52,elapsed_s:0.05
time:3701060356986646;GPU:0,Channel:13,Send:1,Recv:0,Send_Rate:9.48,Data:0.52,elapsed_s:0.06
time:3701058925160565;GPU:0,Channel:1,Send:1,Recv:0,Send_Rate:25.65,Data:0.52,elapsed_s:0.02
time:3701058925164646;GPU:0,Channel:2,Send:1,Recv:0,Send_Rate:26.14,Data:0.52,elapsed_s:0.02
time:3701058925164901;GPU:0,Channel:3,Send:1,Recv:0,Send_Rate:25.77,Data:0.52,elapsed_s:0.02
time:3701060038637750;GPU:0,Channel:9,Send:1,Recv:0,Send_Rate:25.89,Data:0.52,elapsed_s:0.02
time:3701060038654189;GPU:0,Channel:11,Send:1,Recv:0,Send_Rate:17.07,Data:0.52,elapsed_s:0.03
time:3701060038660465;GPU:0,Channel:10,Send:1,Recv:0,Send_Rate:24.52,Data:0.52,elapsed_s:0.02
time:3701060722507530;GPU:0,Channel:7,Send:1,Recv:0,Send_Rate:15.07,Data:0.52,elapsed_s:0.03
time:3701060722519559;GPU:0,Channel:5,Send:1,Recv:0,Send_Rate:18.33,Data:0.52,elapsed_s:0.03
time:3701060722523957;GPU:0,Channel:6,Send:1,Recv:0,Send_Rate:19.90,Data:0.52,elapsed_s:0.03
time:3701060722530757;GPU:0,Channel:4,Send:1,Recv:0,Send_Rate:17.79,Data:0.52,elapsed_s:0.03
time:3701060357219975;GPU:0,Channel:14,Send:1,Recv:0,Send_Rate:18.05,Data:0.52,elapsed_s:0.03
time:3701060357222101;GPU:0,Channel:12,Send:1,Recv:0,Send_Rate:16.30,Data:0.52,elapsed_s:0.03
time:3701060357225430;GPU:0,Channel:13,Send:1,Recv:0,Send_Rate:17.05,Data:0.52,elapsed_s:0.03
time:3701060357232845;GPU:0,Channel:15,Send:1,Recv:0,Send_Rate:14.49,Data:0.52,elapsed_s:0.04
time:3701058925313573;GPU:0,Channel:1,Send:1,Recv:0,Send_Rate:30.36,Data:0.52,elapsed_s:0.02
time:3701058925315750;GPU:0,Channel:3,Send:1,Recv:0,Send_Rate:30.39,Data:0.52,elapsed_s:0.02
time:3701058925322011;GPU:0,Channel:2,Send:1,Recv:0,Send_Rate:32.15,Data:0.52,elapsed_s:0.02
time:3701060038786744;GPU:0,Channel:9,Send:1,Recv:0,Send_Rate:30.23,Data:0.52,elapsed_s:0.02
time:3701060038822179;GPU:0,Channel:10,Send:1,Recv:0,Send_Rate:30.91,Data:0.52,elapsed_s:0.02
time:3701060038822060;GPU:0,Channel:11,Send:1,Recv:0,Send_Rate:28.91,Data:0.52,elapsed_s:0.02
time:3701060722667496;GPU:0,Channel:5,Send:1,Recv:0,Send_Rate:31.66,Data:0.52,elapsed_s:0.02
time:3701060722671600;GPU:0,Channel:7,Send:1,Recv:0,Send_Rate:29.01,Data:0.52,elapsed_s:0.02
time:3701060722681562;GPU:0,Channel:6,Send:1,Recv:0,Send_Rate:31.06,Data:0.52,elapsed_s:0.02
time:3701060722689221;GPU:0,Channel:4,Send:1,Recv:0,Send_Rate:30.55,Data:0.52,elapsed_s:0.02
time:3701060357383867;GPU:0,Channel:14,Send:1,Recv:0,Send_Rate:29.52,Data:0.52,elapsed_s:0.02
time:3701060357390853;GPU:0,Channel:13,Send:1,Recv:0,Send_Rate:28.14,Data:0.52,elapsed_s:0.02
time:3701060357396055;GPU:0,Channel:12,Send:1,Recv:0,Send_Rate:29.63,Data:0.52,elapsed_s:0.02
time:3701060357403639;GPU:0,Channel:15,Send:1,Recv:0,Send_Rate:27.72,Data:0.52,elapsed_s:0.02
time:3701058925462587;GPU:0,Channel:1,Send:1,Recv:0,Send_Rate:31.55,Data:0.52,elapsed_s:0.02
time:3701058925467381;GPU:0,Channel:3,Send:1,Recv:0,Send_Rate:30.75,Data:0.52,elapsed_s:0.02
time:3701058925473444;GPU:0,Channel:2,Send:1,Recv:0,Send_Rate:30.80,Data:0.52,elapsed_s:0.02
time:3701060038938924;GPU:0,Channel:9,Send:1,Recv:0,Send_Rate:30.35,Data:0.52,elapsed_s:0.02
time:3701060038966205;GPU:0,Channel:11,Send:1,Recv:0,Send_Rate:30.19,Data:0.52,elapsed_s:0.02
time:3701060038969763;GPU:0,Channel:10,Send:1,Recv:0,Send_Rate:31.08,Data:0.52,elapsed_s:0.02
time:3701060722815463;GPU:0,Channel:5,Send:1,Recv:0,Send_Rate:32.25,Data:0.52,elapsed_s:0.02
time:3701060722821929;GPU:0,Channel:7,Send:1,Recv:0,Send_Rate:30.74,Data:0.52,elapsed_s:0.02
time:3701060722832829;GPU:0,Channel:6,Send:1,Recv:0,Send_Rate:30.57,Data:0.52,elapsed_s:0.02
time:3701060722840016;GPU:0,Channel:4,Send:1,Recv:0,Send_Rate:30.78,Data:0.52,elapsed_s:0.02
time:3701060357541152;GPU:0,Channel:14,Send:1,Recv:0,Send_Rate:32.23,Data:0.52,elapsed_s:0.02
time:3701060357553019;GPU:0,Channel:12,Send:1,Recv:0,Send_Rate:30.58,Data:0.52,elapsed_s:0.02
time:3701060357553581;GPU:0,Channel:13,Send:1,Recv:0,Send_Rate:30.26,Data:0.52,elapsed_s:0.02
time:3701060357561119;GPU:0,Channel:15,Send:1,Recv:0,Send_Rate:32.31,Data:0.52,elapsed_s:0.02
time:3701060039251984;GPU:0,Channel:9,Send:1,Recv:0,Send_Rate:13.67,Data:0.52,elapsed_s:0.04
time:3701058925778906;GPU:0,Channel:3,Send:1,Recv:0,Send_Rate:19.24,Data:0.52,elapsed_s:0.03
time:3701058925778451;GPU:0,Channel:1,Send:1,Recv:0,Send_Rate:19.23,Data:0.52,elapsed_s:0.03
time:3701058925780718;GPU:0,Channel:2,Send:1,Recv:0,Send_Rate:18.40,Data:0.52,elapsed_s:0.03
time:3701060723099232;GPU:0,Channel:4,Send:1,Recv:0,Send_Rate:11.33,Data:0.52,elapsed_s:0.05
time:3701060039270653;GPU:0,Channel:11,Send:1,Recv:0,Send_Rate:10.64,Data:0.52,elapsed_s:0.05
time:3701060723103868;GPU:0,Channel:5,Send:1,Recv:0,Send_Rate:10.83,Data:0.52,elapsed_s:0.05
time:3701060039278793;GPU:0,Channel:10,Send:1,Recv:0,Send_Rate:9.77,Data:0.52,elapsed_s:0.05
time:3701060723113234;GPU:0,Channel:7,Send:1,Recv:0,Send_Rate:9.78,Data:0.52,elapsed_s:0.05
time:3701060357805367;GPU:0,Channel:15,Send:1,Recv:0,Send_Rate:9.73,Data:0.52,elapsed_s:0.05
time:3701060357802014;GPU:0,Channel:13,Send:1,Recv:0,Send_Rate:10.06,Data:0.52,elapsed_s:0.05
time:3701060723115606;GPU:0,Channel:6,Send:1,Recv:0,Send_Rate:9.62,Data:0.52,elapsed_s:0.05
time:3701060357804596;GPU:0,Channel:14,Send:1,Recv:0,Send_Rate:9.81,Data:0.52,elapsed_s:0.05
time:3701060357807491;GPU:0,Channel:12,Send:1,Recv:0,Send_Rate:9.43,Data:0.52,elapsed_s:0.06
time:3701058925976891;GPU:0,Channel:3,Send:1,Recv:0,Send_Rate:26.22,Data:0.52,elapsed_s:0.02
time:3701058925988418;GPU:0,Channel:1,Send:1,Recv:0,Send_Rate:26.56,Data:0.52,elapsed_s:0.02
time:3701058925995440;GPU:0,Channel:2,Send:1,Recv:0,Send_Rate:26.59,Data:0.52,elapsed_s:0.02
time:3701060039447998;GPU:0,Channel:9,Send:1,Recv:0,Send_Rate:19.45,Data:0.52,elapsed_s:0.03
time:3701060723310786;GPU:0,Channel:4,Send:1,Recv:0,Send_Rate:23.96,Data:0.52,elapsed_s:0.02
time:3701060723321790;GPU:0,Channel:5,Send:1,Recv:0,Send_Rate:21.26,Data:0.52,elapsed_s:0.02
time:3701060039477406;GPU:0,Channel:11,Send:1,Recv:0,Send_Rate:19.71,Data:0.52,elapsed_s:0.03
time:3701060723340998;GPU:0,Channel:6,Send:1,Recv:0,Send_Rate:17.55,Data:0.52,elapsed_s:0.03
time:3701060039508641;GPU:0,Channel:10,Send:1,Recv:0,Send_Rate:16.00,Data:0.52,elapsed_s:0.03
time:3701060358036007;GPU:0,Channel:13,Send:1,Recv:0,Send_Rate:17.99,Data:0.52,elapsed_s:0.03
time:3701060358042527;GPU:0,Channel:12,Send:1,Recv:0,Send_Rate:18.51,Data:0.52,elapsed_s:0.03
time:3701060358042663;GPU:0,Channel:14,Send:1,Recv:0,Send_Rate:20.16,Data:0.52,elapsed_s:0.03
time:3701060358038552;GPU:0,Channel:15,Send:1,Recv:0,Send_Rate:17.38,Data:0.52,elapsed_s:0.03
time:3701060723360241;GPU:0,Channel:7,Send:1,Recv:0,Send_Rate:14.05,Data:0.52,elapsed_s:0.04
time:3701058926128797;GPU:0,Channel:3,Send:1,Recv:0,Send_Rate:28.75,Data:0.52,elapsed_s:0.02
time:3701058926139666;GPU:0,Channel:1,Send:1,Recv:0,Send_Rate:31.16,Data:0.52,elapsed_s:0.02
time:3701060039607099;GPU:0,Channel:9,Send:1,Recv:0,Send_Rate:30.57,Data:0.52,elapsed_s:0.02
time:3701058926154625;GPU:0,Channel:2,Send:1,Recv:0,Send_Rate:32.14,Data:0.52,elapsed_s:0.02
time:3701060723457470;GPU:0,Channel:4,Send:1,Recv:0,Send_Rate:31.12,Data:0.52,elapsed_s:0.02
time:3701060723472518;GPU:0,Channel:5,Send:1,Recv:0,Send_Rate:29.99,Data:0.52,elapsed_s:0.02
time:3701060039645287;GPU:0,Channel:11,Send:1,Recv:0,Send_Rate:29.77,Data:0.52,elapsed_s:0.02
time:3701060723491474;GPU:0,Channel:6,Send:1,Recv:0,Send_Rate:29.98,Data:0.52,elapsed_s:0.02
time:3701060039661386;GPU:0,Channel:10,Send:1,Recv:0,Send_Rate:29.28,Data:0.52,elapsed_s:0.02
time:3701060358199380;GPU:0,Channel:13,Send:1,Recv:0,Send_Rate:29.27,Data:0.52,elapsed_s:0.02
time:3701060358202806;GPU:0,Channel:12,Send:1,Recv:0,Send_Rate:29.99,Data:0.52,elapsed_s:0.02
time:3701060723515260;GPU:0,Channel:7,Send:1,Recv:0,Send_Rate:30.98,Data:0.52,elapsed_s:0.02
time:3701060358210488;GPU:0,Channel:14,Send:1,Recv:0,Send_Rate:30.97,Data:0.52,elapsed_s:0.02
time:3701060358220409;GPU:0,Channel:15,Send:1,Recv:0,Send_Rate:28.31,Data:0.52,elapsed_s:0.02
time:3701058926285086;GPU:0,Channel:3,Send:1,Recv:0,Send_Rate:28.61,Data:0.52,elapsed_s:0.02
time:3701058926290823;GPU:0,Channel:1,Send:1,Recv:0,Send_Rate:29.14,Data:0.52,elapsed_s:0.02
time:3701058926308162;GPU:0,Channel:2,Send:1,Recv:0,Send_Rate:30.27,Data:0.52,elapsed_s:0.02
time:3701060039761680;GPU:0,Channel:9,Send:1,Recv:0,Send_Rate:31.25,Data:0.52,elapsed_s:0.02
time:3701060723604095;GPU:0,Channel:4,Send:1,Recv:0,Send_Rate:31.27,Data:0.52,elapsed_s:0.02
time:3701060723619524;GPU:0,Channel:5,Send:1,Recv:0,Send_Rate:30.09,Data:0.52,elapsed_s:0.02
time:3701060039793348;GPU:0,Channel:11,Send:1,Recv:0,Send_Rate:30.64,Data:0.52,elapsed_s:0.02
time:3701060723636899;GPU:0,Channel:6,Send:1,Recv:0,Send_Rate:31.26,Data:0.52,elapsed_s:0.02
time:3701060039809826;GPU:0,Channel:10,Send:1,Recv:0,Send_Rate:31.30,Data:0.52,elapsed_s:0.02
time:3701060723663754;GPU:0,Channel:7,Send:1,Recv:0,Send_Rate:30.63,Data:0.52,elapsed_s:0.02
time:3701060358356944;GPU:0,Channel:13,Send:1,Recv:0,Send_Rate:30.87,Data:0.52,elapsed_s:0.02
time:3701060358359383;GPU:0,Channel:12,Send:1,Recv:0,Send_Rate:31.34,Data:0.52,elapsed_s:0.02
time:3701060358374898;GPU:0,Channel:14,Send:1,Recv:0,Send_Rate:31.42,Data:0.52,elapsed_s:0.02
time:3701060358378057;GPU:0,Channel:15,Send:1,Recv:0,Send_Rate:29.78,Data:0.52,elapsed_s:0.02
time:3701058926595017;GPU:0,Channel:3,Send:1,Recv:0,Send_Rate:17.99,Data:0.52,elapsed_s:0.03
time:3701058926595562;GPU:0,Channel:2,Send:1,Recv:0,Send_Rate:17.88,Data:0.52,elapsed_s:0.03
time:3701060040066993;GPU:0,Channel:9,Send:1,Recv:0,Send_Rate:13.22,Data:0.52,elapsed_s:0.04
time:3701058926592488;GPU:0,Channel:1,Send:1,Recv:0,Send_Rate:18.86,Data:0.52,elapsed_s:0.03
time:3701060040092203;GPU:0,Channel:11,Send:1,Recv:0,Send_Rate:9.63,Data:0.52,elapsed_s:0.05
time:3701060040089436;GPU:0,Channel:10,Send:1,Recv:0,Send_Rate:10.04,Data:0.52,elapsed_s:0.05
time:3701060723925687;GPU:0,Channel:4,Send:1,Recv:0,Send_Rate:9.76,Data:0.52,elapsed_s:0.05
time:3701060723932715;GPU:0,Channel:6,Send:1,Recv:0,Send_Rate:9.14,Data:0.52,elapsed_s:0.06
time:3701060723928644;GPU:0,Channel:5,Send:1,Recv:0,Send_Rate:9.61,Data:0.52,elapsed_s:0.05
time:3701060723936079;GPU:0,Channel:7,Send:1,Recv:0,Send_Rate:8.84,Data:0.52,elapsed_s:0.06
time:3701060358629239;GPU:0,Channel:15,Send:1,Recv:0,Send_Rate:8.73,Data:0.52,elapsed_s:0.06
time:3701060358622382;GPU:0,Channel:14,Send:1,Recv:0,Send_Rate:9.29,Data:0.52,elapsed_s:0.06
time:3701060358625747;GPU:0,Channel:12,Send:1,Recv:0,Send_Rate:8.97,Data:0.52,elapsed_s:0.06
time:3701060358627711;GPU:0,Channel:13,Send:1,Recv:0,Send_Rate:8.88,Data:0.52,elapsed_s:0.06
time:3701058926792824;GPU:0,Channel:1,Send:1,Recv:0,Send_Rate:25.98,Data:0.52,elapsed_s:0.02
time:3701058926802427;GPU:0,Channel:3,Send:1,Recv:0,Send_Rate:25.77,Data:0.52,elapsed_s:0.02
time:3701058926808721;GPU:0,Channel:2,Send:1,Recv:0,Send_Rate:26.61,Data:0.52,elapsed_s:0.02
time:3701060040264937;GPU:0,Channel:9,Send:1,Recv:0,Send_Rate:22.79,Data:0.52,elapsed_s:0.02
time:3701060724138559;GPU:0,Channel:4,Send:1,Recv:0,Send_Rate:20.86,Data:0.52,elapsed_s:0.03
time:3701060724141575;GPU:0,Channel:5,Send:1,Recv:0,Send_Rate:20.23,Data:0.52,elapsed_s:0.03
time:3701060040300388;GPU:0,Channel:10,Send:1,Recv:0,Send_Rate:16.10,Data:0.52,elapsed_s:0.03
time:3701060040305665;GPU:0,Channel:11,Send:1,Recv:0,Send_Rate:15.70,Data:0.52,elapsed_s:0.03
time:3701060358847213;GPU:0,Channel:12,Send:1,Recv:0,Send_Rate:19.99,Data:0.52,elapsed_s:0.03
time:3701060724153042;GPU:0,Channel:7,Send:1,Recv:0,Send_Rate:18.17,Data:0.52,elapsed_s:0.03
time:3701060358856136;GPU:0,Channel:13,Send:1,Recv:0,Send_Rate:20.16,Data:0.52,elapsed_s:0.03
time:3701060358856453;GPU:0,Channel:14,Send:1,Recv:0,Send_Rate:22.37,Data:0.52,elapsed_s:0.02
time:3701060724171963;GPU:0,Channel:6,Send:1,Recv:0,Send_Rate:14.53,Data:0.52,elapsed_s:0.04
time:3701060358868012;GPU:0,Channel:15,Send:1,Recv:0,Send_Rate:15.67,Data:0.52,elapsed_s:0.03
time:3701058926943978;GPU:0,Channel:1,Send:1,Recv:0,Send_Rate:32.31,Data:0.52,elapsed_s:0.02
time:3701058926953591;GPU:0,Channel:3,Send:1,Recv:0,Send_Rate:31.10,Data:0.52,elapsed_s:0.02
time:3701058926958115;GPU:0,Channel:2,Send:1,Recv:0,Send_Rate:31.50,Data:0.52,elapsed_s:0.02
time:3701060040419327;GPU:0,Channel:9,Send:1,Recv:0,Send_Rate:31.27,Data:0.52,elapsed_s:0.02
time:3701060724285607;GPU:0,Channel:4,Send:1,Recv:0,Send_Rate:30.80,Data:0.52,elapsed_s:0.02
time:3701060724294784;GPU:0,Channel:5,Send:1,Recv:0,Send_Rate:31.64,Data:0.52,elapsed_s:0.02
time:3701060040469392;GPU:0,Channel:10,Send:1,Recv:0,Send_Rate:28.82,Data:0.52,elapsed_s:0.02
time:3701060040476555;GPU:0,Channel:11,Send:1,Recv:0,Send_Rate:30.24,Data:0.52,elapsed_s:0.02
time:3701060359009333;GPU:0,Channel:12,Send:1,Recv:0,Send_Rate:27.65,Data:0.52,elapsed_s:0.02
time:3701060724324039;GPU:0,Channel:7,Send:1,Recv:0,Send_Rate:25.52,Data:0.52,elapsed_s:0.02
time:3701060359021442;GPU:0,Channel:13,Send:1,Recv:0,Send_Rate:27.52,Data:0.52,elapsed_s:0.02
time:3701060724334908;GPU:0,Channel:6,Send:1,Recv:0,Send_Rate:25.47,Data:0.52,elapsed_s:0.02
time:3701060359028889;GPU:0,Channel:14,Send:1,Recv:0,Send_Rate:28.13,Data:0.52,elapsed_s:0.02
time:3701060359034649;GPU:0,Channel:15,Send:1,Recv:0,Send_Rate:27.46,Data:0.52,elapsed_s:0.02
time:3701058927094921;GPU:0,Channel:1,Send:1,Recv:0,Send_Rate:31.29,Data:0.52,elapsed_s:0.02
time:3701058927109471;GPU:0,Channel:3,Send:1,Recv:0,Send_Rate:30.86,Data:0.52,elapsed_s:0.02
time:3701058927111329;GPU:0,Channel:2,Send:1,Recv:0,Send_Rate:31.50,Data:0.52,elapsed_s:0.02
time:3701060040568302;GPU:0,Channel:9,Send:1,Recv:0,Send_Rate:31.70,Data:0.52,elapsed_s:0.02
time:3701060724431441;GPU:0,Channel:4,Send:1,Recv:0,Send_Rate:30.79,Data:0.52,elapsed_s:0.02
time:3701060724442672;GPU:0,Channel:5,Send:1,Recv:0,Send_Rate:30.83,Data:0.52,elapsed_s:0.02
time:3701060040617063;GPU:0,Channel:10,Send:1,Recv:0,Send_Rate:30.88,Data:0.52,elapsed_s:0.02
time:3701060040622568;GPU:0,Channel:11,Send:1,Recv:0,Send_Rate:31.16,Data:0.52,elapsed_s:0.02
time:3701060724472560;GPU:0,Channel:7,Send:1,Recv:0,Send_Rate:30.25,Data:0.52,elapsed_s:0.02
time:3701060359168958;GPU:0,Channel:12,Send:1,Recv:0,Send_Rate:30.50,Data:0.52,elapsed_s:0.02
time:3701060724485920;GPU:0,Channel:6,Send:1,Recv:0,Send_Rate:29.94,Data:0.52,elapsed_s:0.02
time:3701060359179279;GPU:0,Channel:13,Send:1,Recv:0,Send_Rate:30.12,Data:0.52,elapsed_s:0.02
time:3701060359187521;GPU:0,Channel:14,Send:1,Recv:0,Send_Rate:31.07,Data:0.52,elapsed_s:0.02
time:3701060359193349;GPU:0,Channel:15,Send:1,Recv:0,Send_Rate:29.31,Data:0.52,elapsed_s:0.02
time:3701058927412075;GPU:0,Channel:3,Send:1,Recv:0,Send_Rate:19.13,Data:0.52,elapsed_s:0.03
time:3701060040885248;GPU:0,Channel:9,Send:1,Recv:0,Send_Rate:13.47,Data:0.52,elapsed_s:0.04
time:3701058927412868;GPU:0,Channel:2,Send:1,Recv:0,Send_Rate:18.54,Data:0.52,elapsed_s:0.03
time:3701058927412192;GPU:0,Channel:1,Send:1,Recv:0,Send_Rate:18.88,Data:0.52,elapsed_s:0.03
time:3701060724742689;GPU:0,Channel:7,Send:1,Recv:0,Send_Rate:9.97,Data:0.52,elapsed_s:0.05
time:3701060040910369;GPU:0,Channel:11,Send:1,Recv:0,Send_Rate:9.83,Data:0.52,elapsed_s:0.05
time:3701060040909688;GPU:0,Channel:10,Send:1,Recv:0,Send_Rate:9.90,Data:0.52,elapsed_s:0.05
time:3701060724744836;GPU:0,Channel:4,Send:1,Recv:0,Send_Rate:9.78,Data:0.52,elapsed_s:0.05
time:3701060359439199;GPU:0,Channel:15,Send:1,Recv:0,Send_Rate:9.58,Data:0.52,elapsed_s:0.05
time:3701060359436559;GPU:0,Channel:12,Send:1,Recv:0,Send_Rate:9.69,Data:0.52,elapsed_s:0.05
time:3701060724745073;GPU:0,Channel:5,Send:1,Recv:0,Send_Rate:9.80,Data:0.52,elapsed_s:0.05
time:3701060724751471;GPU:0,Channel:6,Send:1,Recv:0,Send_Rate:9.19,Data:0.52,elapsed_s:0.06
time:3701060359440361;GPU:0,Channel:14,Send:1,Recv:0,Send_Rate:9.38,Data:0.52,elapsed_s:0.06
time:3701060359435217;GPU:0,Channel:13,Send:1,Recv:0,Send_Rate:10.02,Data:0.52,elapsed_s:0.05
time:3701058927613115;GPU:0,Channel:1,Send:1,Recv:0,Send_Rate:26.39,Data:0.52,elapsed_s:0.02
time:3701058927618051;GPU:0,Channel:3,Send:1,Recv:0,Send_Rate:25.92,Data:0.52,elapsed_s:0.02
time:3701060041080888;GPU:0,Channel:9,Send:1,Recv:0,Send_Rate:20.31,Data:0.52,elapsed_s:0.03
time:3701058927632099;GPU:0,Channel:2,Send:1,Recv:0,Send_Rate:26.22,Data:0.52,elapsed_s:0.02
time:3701060041118115;GPU:0,Channel:11,Send:1,Recv:0,Send_Rate:20.50,Data:0.52,elapsed_s:0.03
time:3701060724969454;GPU:0,Channel:4,Send:1,Recv:0,Send_Rate:15.54,Data:0.52,elapsed_s:0.03
time:3701060041136701;GPU:0,Channel:10,Send:1,Recv:0,Send_Rate:15.43,Data:0.52,elapsed_s:0.03
time:3701060724980103;GPU:0,Channel:5,Send:1,Recv:0,Send_Rate:15.70,Data:0.52,elapsed_s:0.03
time:3701060724980237;GPU:0,Channel:6,Send:1,Recv:0,Send_Rate:17.22,Data:0.52,elapsed_s:0.03
time:3701060724972857;GPU:0,Channel:7,Send:1,Recv:0,Send_Rate:15.88,Data:0.52,elapsed_s:0.03
time:3701060359669029;GPU:0,Channel:15,Send:1,Recv:0,Send_Rate:16.26,Data:0.52,elapsed_s:0.03
time:3701060359676103;GPU:0,Channel:12,Send:1,Recv:0,Send_Rate:14.79,Data:0.52,elapsed_s:0.04
time:3701060359676312;GPU:0,Channel:13,Send:1,Recv:0,Send_Rate:14.86,Data:0.52,elapsed_s:0.04
time:3701060359678850;GPU:0,Channel:14,Send:1,Recv:0,Send_Rate:17.74,Data:0.52,elapsed_s:0.03
time:3701058927760487;GPU:0,Channel:1,Send:1,Recv:0,Send_Rate:30.96,Data:0.52,elapsed_s:0.02
time:3701058927768249;GPU:0,Channel:3,Send:1,Recv:0,Send_Rate:30.84,Data:0.52,elapsed_s:0.02
time:3701058927778068;GPU:0,Channel:2,Send:1,Recv:0,Send_Rate:31.95,Data:0.52,elapsed_s:0.02
time:3701060041242841;GPU:0,Channel:9,Send:1,Recv:0,Send_Rate:29.28,Data:0.52,elapsed_s:0.02
time:3701060041282702;GPU:0,Channel:11,Send:1,Recv:0,Send_Rate:30.45,Data:0.52,elapsed_s:0.02
time:3701060725117849;GPU:0,Channel:4,Send:1,Recv:0,Send_Rate:31.57,Data:0.52,elapsed_s:0.02
time:3701060725129649;GPU:0,Channel:5,Send:1,Recv:0,Send_Rate:31.23,Data:0.52,elapsed_s:0.02
time:3701060725149661;GPU:0,Channel:6,Send:1,Recv:0,Send_Rate:26.81,Data:0.52,elapsed_s:0.02
time:3701060041316712;GPU:0,Channel:10,Send:1,Recv:0,Send_Rate:29.36,Data:0.52,elapsed_s:0.02
time:3701060725152952;GPU:0,Channel:7,Send:1,Recv:0,Send_Rate:25.60,Data:0.52,elapsed_s:0.02
time:3701060359859153;GPU:0,Channel:13,Send:1,Recv:0,Send_Rate:26.08,Data:0.52,elapsed_s:0.02
time:3701060359860475;GPU:0,Channel:12,Send:1,Recv:0,Send_Rate:25.18,Data:0.52,elapsed_s:0.02
time:3701060359860317;GPU:0,Channel:14,Send:1,Recv:0,Send_Rate:26.63,Data:0.52,elapsed_s:0.02
time:3701060359863572;GPU:0,Channel:15,Send:1,Recv:0,Send_Rate:26.30,Data:0.52,elapsed_s:0.02
time:3701058927913107;GPU:0,Channel:1,Send:1,Recv:0,Send_Rate:31.16,Data:0.52,elapsed_s:0.02
time:3701058927926120;GPU:0,Channel:3,Send:1,Recv:0,Send_Rate:30.46,Data:0.52,elapsed_s:0.02
time:3701058927927250;GPU:0,Channel:2,Send:1,Recv:0,Send_Rate:31.56,Data:0.52,elapsed_s:0.02
time:3701060041393854;GPU:0,Channel:9,Send:1,Recv:0,Send_Rate:31.42,Data:0.52,elapsed_s:0.02
time:3701060041426907;GPU:0,Channel:11,Send:1,Recv:0,Send_Rate:31.49,Data:0.52,elapsed_s:0.02
time:3701060725265869;GPU:0,Channel:4,Send:1,Recv:0,Send_Rate:31.45,Data:0.52,elapsed_s:0.02
time:3701060725279419;GPU:0,Channel:5,Send:1,Recv:0,Send_Rate:31.08,Data:0.52,elapsed_s:0.02
time:3701060725302562;GPU:0,Channel:6,Send:1,Recv:0,Send_Rate:31.04,Data:0.52,elapsed_s:0.02
time:3701060041471949;GPU:0,Channel:10,Send:1,Recv:0,Send_Rate:30.58,Data:0.52,elapsed_s:0.02
time:3701060725308445;GPU:0,Channel:7,Send:1,Recv:0,Send_Rate:31.41,Data:0.52,elapsed_s:0.02
time:3701060360014239;GPU:0,Channel:13,Send:1,Recv:0,Send_Rate:29.35,Data:0.52,elapsed_s:0.02
time:3701060360021154;GPU:0,Channel:12,Send:1,Recv:0,Send_Rate:30.87,Data:0.52,elapsed_s:0.02
time:3701060360023627;GPU:0,Channel:14,Send:1,Recv:0,Send_Rate:30.80,Data:0.52,elapsed_s:0.02
time:3701060360025619;GPU:0,Channel:15,Send:1,Recv:0,Send_Rate:30.46,Data:0.52,elapsed_s:0.02
time:3701060053663669;GPU:0,Channel:9,Send:1,Recv:0,Send_Rate:14.56,Data:0.52,elapsed_s:0.04
time:3701058940195669;GPU:0,Channel:3,Send:1,Recv:0,Send_Rate:19.53,Data:0.52,elapsed_s:0.03
time:3701058940197450;GPU:0,Channel:2,Send:1,Recv:0,Send_Rate:523156731714549.81,Data:14592585103291.18,elapsed_s:0.03
time:3701058940197576;GPU:0,Channel:1,Send:1,Recv:0,Send_Rate:18.66,Data:0.52,elapsed_s:0.03
time:3701060737520266;GPU:0,Channel:6,Send:1,Recv:0,Send_Rate:42659153887283.84,Data:2065888024641.41,elapsed_s:0.05
time:3701060737517205;GPU:0,Channel:4,Send:1,Recv:0,Send_Rate:185510429495523.88,Data:8710745278312.04,elapsed_s:0.05
time:3701060737522027;GPU:0,Channel:5,Send:1,Recv:0,Send_Rate:10.75,Data:0.52,elapsed_s:0.05
time:3701060053684689;GPU:0,Channel:11,Send:1,Recv:0,Send_Rate:10.97,Data:0.52,elapsed_s:0.05
time:3701060053687572;GPU:0,Channel:10,Send:1,Recv:0,Send_Rate:186097856889444.75,Data:9169661735132.57,elapsed_s:0.05
time:3701060737524823;GPU:0,Channel:7,Send:1,Recv:0,Send_Rate:10.26,Data:0.52,elapsed_s:0.05
time:3701060372217042;GPU:0,Channel:12,Send:1,Recv:0,Send_Rate:238294963500938.62,Data:12326468917540.22,elapsed_s:0.05
time:3701060372215222;GPU:0,Channel:14,Send:1,Recv:0,Send_Rate:316989884598073.69,Data:15942830140368.67,elapsed_s:0.05
time:3701060372217088;GPU:0,Channel:13,Send:1,Recv:0,Send_Rate:10.22,Data:0.52,elapsed_s:0.05
time:3701060372218933;GPU:0,Channel:15,Send:1,Recv:0,Send_Rate:9.99,Data:0.52,elapsed_s:0.05
time:3701060053865068;GPU:0,Channel:9,Send:1,Recv:0,Send_Rate:26.17,Data:0.52,elapsed_s:0.02
time:3701058940415953;GPU:0,Channel:1,Send:1,Recv:0,Send_Rate:25.61,Data:0.52,elapsed_s:0.02
time:3701058940416534;GPU:0,Channel:2,Send:1,Recv:0,Send_Rate:22.17,Data:0.52,elapsed_s:0.02
time:3701058940423894;GPU:0,Channel:3,Send:1,Recv:0,Send_Rate:22.62,Data:0.52,elapsed_s:0.02
time:3701060737720362;GPU:0,Channel:4,Send:1,Recv:0,Send_Rate:20.23,Data:0.52,elapsed_s:0.03
time:3701060737741354;GPU:0,Channel:5,Send:1,Recv:0,Send_Rate:18.14,Data:0.52,elapsed_s:0.03
time:3701060737753532;GPU:0,Channel:6,Send:1,Recv:0,Send_Rate:14.38,Data:0.52,elapsed_s:0.04
time:3701060737756865;GPU:0,Channel:7,Send:1,Recv:0,Send_Rate:14.96,Data:0.52,elapsed_s:0.04
time:3701060053922249;GPU:0,Channel:11,Send:1,Recv:0,Send_Rate:14.35,Data:0.52,elapsed_s:0.04
time:3701060053923251;GPU:0,Channel:10,Send:1,Recv:0,Send_Rate:13.61,Data:0.52,elapsed_s:0.04
time:3701060372449144;GPU:0,Channel:13,Send:1,Recv:0,Send_Rate:15.78,Data:0.52,elapsed_s:0.03
time:3701060372452608;GPU:0,Channel:12,Send:1,Recv:0,Send_Rate:15.34,Data:0.52,elapsed_s:0.03
time:3701060372452396;GPU:0,Channel:14,Send:1,Recv:0,Send_Rate:17.98,Data:0.52,elapsed_s:0.03
time:3701060372458209;GPU:0,Channel:15,Send:1,Recv:0,Send_Rate:17.07,Data:0.52,elapsed_s:0.03
time:3701060054016854;GPU:0,Channel:9,Send:1,Recv:0,Send_Rate:30.91,Data:0.52,elapsed_s:0.02
time:3701058940566614;GPU:0,Channel:1,Send:1,Recv:0,Send_Rate:31.09,Data:0.52,elapsed_s:0.02
time:3701058940571812;GPU:0,Channel:2,Send:1,Recv:0,Send_Rate:30.56,Data:0.52,elapsed_s:0.02
time:3701058940577711;GPU:0,Channel:3,Send:1,Recv:0,Send_Rate:29.95,Data:0.52,elapsed_s:0.02
time:3701060737870240;GPU:0,Channel:4,Send:1,Recv:0,Send_Rate:29.87,Data:0.52,elapsed_s:0.02
time:3701060737889222;GPU:0,Channel:5,Send:1,Recv:0,Send_Rate:31.02,Data:0.52,elapsed_s:0.02
time:3701060737903389;GPU:0,Channel:6,Send:1,Recv:0,Send_Rate:30.09,Data:0.52,elapsed_s:0.02
time:3701060054075800;GPU:0,Channel:11,Send:1,Recv:0,Send_Rate:29.14,Data:0.52,elapsed_s:0.02
time:3701060737912759;GPU:0,Channel:7,Send:1,Recv:0,Send_Rate:29.42,Data:0.52,elapsed_s:0.02
time:3701060054079675;GPU:0,Channel:10,Send:1,Recv:0,Send_Rate:28.57,Data:0.52,elapsed_s:0.02
time:3701060372613197;GPU:0,Channel:13,Send:1,Recv:0,Send_Rate:30.62,Data:0.52,elapsed_s:0.02
time:3701060372629359;GPU:0,Channel:12,Send:1,Recv:0,Send_Rate:31.15,Data:0.52,elapsed_s:0.02
time:3701060372630155;GPU:0,Channel:14,Send:1,Recv:0,Send_Rate:30.58,Data:0.52,elapsed_s:0.02
time:3701060372633261;GPU:0,Channel:15,Send:1,Recv:0,Send_Rate:29.73,Data:0.52,elapsed_s:0.02
time:3701058940714862;GPU:0,Channel:1,Send:1,Recv:0,Send_Rate:30.36,Data:0.52,elapsed_s:0.02
time:3701060054172410;GPU:0,Channel:9,Send:1,Recv:0,Send_Rate:31.91,Data:0.52,elapsed_s:0.02
time:3701058940722467;GPU:0,Channel:2,Send:1,Recv:0,Send_Rate:31.13,Data:0.52,elapsed_s:0.02
time:3701058940730000;GPU:0,Channel:3,Send:1,Recv:0,Send_Rate:30.52,Data:0.52,elapsed_s:0.02
time:3701060738025606;GPU:0,Channel:4,Send:1,Recv:0,Send_Rate:31.32,Data:0.52,elapsed_s:0.02
time:3701060738039116;GPU:0,Channel:5,Send:1,Recv:0,Send_Rate:30.44,Data:0.52,elapsed_s:0.02
time:3701060738050666;GPU:0,Channel:6,Send:1,Recv:0,Send_Rate:30.99,Data:0.52,elapsed_s:0.02
time:3701060054227561;GPU:0,Channel:11,Send:1,Recv:0,Send_Rate:30.45,Data:0.52,elapsed_s:0.02
time:3701060054229999;GPU:0,Channel:10,Send:1,Recv:0,Send_Rate:29.79,Data:0.52,elapsed_s:0.02
time:3701060738064778;GPU:0,Channel:7,Send:1,Recv:0,Send_Rate:30.58,Data:0.52,elapsed_s:0.02
time:3701060372768131;GPU:0,Channel:13,Send:1,Recv:0,Send_Rate:29.59,Data:0.52,elapsed_s:0.02
time:3701060372789685;GPU:0,Channel:12,Send:1,Recv:0,Send_Rate:31.80,Data:0.52,elapsed_s:0.02
time:3701060372791209;GPU:0,Channel:14,Send:1,Recv:0,Send_Rate:30.48,Data:0.52,elapsed_s:0.02
time:3701060372798378;GPU:0,Channel:15,Send:1,Recv:0,Send_Rate:29.87,Data:0.52,elapsed_s:0.02
time:3701058941115233;GPU:0,Channel:1,Send:1,Recv:0,Send_Rate:31.18,Data:0.52,elapsed_s:0.02
time:3701058941128917;GPU:0,Channel:3,Send:1,Recv:0,Send_Rate:21.69,Data:0.52,elapsed_s:0.02
time:3701058941131385;GPU:0,Channel:2,Send:1,Recv:0,Send_Rate:20.18,Data:0.52,elapsed_s:0.03
time:3701060054609627;GPU:0,Channel:9,Send:1,Recv:0,Send_Rate:13.24,Data:0.52,elapsed_s:0.04
time:3701060738470432;GPU:0,Channel:6,Send:1,Recv:0,Send_Rate:9.59,Data:0.52,elapsed_s:0.05
time:3701060373159369;GPU:0,Channel:14,Send:1,Recv:0,Send_Rate:9.81,Data:0.52,elapsed_s:0.05
time:3701060054638518;GPU:0,Channel:11,Send:1,Recv:0,Send_Rate:9.33,Data:0.52,elapsed_s:0.06
time:3701060738470107;GPU:0,Channel:4,Send:1,Recv:0,Send_Rate:9.60,Data:0.52,elapsed_s:0.05
time:3701060738474890;GPU:0,Channel:7,Send:1,Recv:0,Send_Rate:9.17,Data:0.52,elapsed_s:0.06
time:3701060054641406;GPU:0,Channel:10,Send:1,Recv:0,Send_Rate:9.10,Data:0.52,elapsed_s:0.06
time:3701060738475096;GPU:0,Channel:5,Send:1,Recv:0,Send_Rate:9.14,Data:0.52,elapsed_s:0.06
time:3701060373164169;GPU:0,Channel:15,Send:1,Recv:0,Send_Rate:9.40,Data:0.52,elapsed_s:0.06
time:3701060373166715;GPU:0,Channel:12,Send:1,Recv:0,Send_Rate:9.08,Data:0.52,elapsed_s:0.06
time:3701060373167655;GPU:0,Channel:13,Send:1,Recv:0,Send_Rate:9.08,Data:0.52,elapsed_s:0.06
time:3701058941287295;GPU:0,Channel:3,Send:1,Recv:0,Send_Rate:29.44,Data:0.52,elapsed_s:0.02
time:3701058941319808;GPU:0,Channel:1,Send:1,Recv:0,Send_Rate:19.58,Data:0.52,elapsed_s:0.03
time:3701060054810002;GPU:0,Channel:9,Send:1,Recv:0,Send_Rate:27.40,Data:0.52,elapsed_s:0.02
time:3701058941372086;GPU:0,Channel:2,Send:1,Recv:0,Send_Rate:27.31,Data:0.52,elapsed_s:0.02
time:3701060054844166;GPU:0,Channel:11,Send:1,Recv:0,Send_Rate:17.38,Data:0.52,elapsed_s:0.03
time:3701060373385092;GPU:0,Channel:12,Send:1,Recv:0,Send_Rate:19.45,Data:0.52,elapsed_s:0.03
time:3701060738704031;GPU:0,Channel:6,Send:1,Recv:0,Send_Rate:12.14,Data:0.52,elapsed_s:0.04
time:3701060054872513;GPU:0,Channel:10,Send:1,Recv:0,Send_Rate:14.61,Data:0.52,elapsed_s:0.04
time:3701060373414486;GPU:0,Channel:13,Send:1,Recv:0,Send_Rate:22.04,Data:0.52,elapsed_s:0.02
time:3701060738718735;GPU:0,Channel:4,Send:1,Recv:0,Send_Rate:13.92,Data:0.52,elapsed_s:0.04
time:3701060738724673;GPU:0,Channel:5,Send:1,Recv:0,Send_Rate:12.19,Data:0.52,elapsed_s:0.04
time:3701060373409864;GPU:0,Channel:14,Send:1,Recv:0,Send_Rate:11.25,Data:0.52,elapsed_s:0.05
time:3701060738718862;GPU:0,Channel:7,Send:1,Recv:0,Send_Rate:11.98,Data:0.52,elapsed_s:0.04
time:3701060373422212;GPU:0,Channel:15,Send:1,Recv:0,Send_Rate:12.17,Data:0.52,elapsed_s:0.04
time:3701058941510600;GPU:0,Channel:1,Send:1,Recv:0,Send_Rate:27.26,Data:0.52,elapsed_s:0.02
time:3701058941504950;GPU:0,Channel:3,Send:1,Recv:0,Send_Rate:26.75,Data:0.52,elapsed_s:0.02
time:3701058941520778;GPU:0,Channel:2,Send:1,Recv:0,Send_Rate:30.04,Data:0.52,elapsed_s:0.02
time:3701060054996937;GPU:0,Channel:9,Send:1,Recv:0,Send_Rate:28.22,Data:0.52,elapsed_s:0.02
time:3701060055049888;GPU:0,Channel:11,Send:1,Recv:0,Send_Rate:24.55,Data:0.52,elapsed_s:0.02
time:3701060373574790;GPU:0,Channel:13,Send:1,Recv:0,Send_Rate:30.28,Data:0.52,elapsed_s:0.02
time:3701060055064584;GPU:0,Channel:10,Send:1,Recv:0,Send_Rate:25.04,Data:0.52,elapsed_s:0.02
time:3701060373588102;GPU:0,Channel:12,Send:1,Recv:0,Send_Rate:26.25,Data:0.52,elapsed_s:0.02
time:3701060738911622;GPU:0,Channel:6,Send:1,Recv:0,Send_Rate:20.91,Data:0.52,elapsed_s:0.03
time:3701060738918761;GPU:0,Channel:7,Send:1,Recv:0,Send_Rate:20.90,Data:0.52,elapsed_s:0.03
time:3701060738923679;GPU:0,Channel:4,Send:1,Recv:0,Send_Rate:20.61,Data:0.52,elapsed_s:0.03
time:3701060738925866;GPU:0,Channel:5,Send:1,Recv:0,Send_Rate:19.71,Data:0.52,elapsed_s:0.03
time:3701060373617404;GPU:0,Channel:15,Send:1,Recv:0,Send_Rate:20.59,Data:0.52,elapsed_s:0.03
time:3701060373621401;GPU:0,Channel:14,Send:1,Recv:0,Send_Rate:21.36,Data:0.52,elapsed_s:0.02
time:3701058941662207;GPU:0,Channel:1,Send:1,Recv:0,Send_Rate:31.79,Data:0.52,elapsed_s:0.02
time:3701058941684199;GPU:0,Channel:2,Send:1,Recv:0,Send_Rate:30.69,Data:0.52,elapsed_s:0.02
time:3701058941688119;GPU:0,Channel:3,Send:1,Recv:0,Send_Rate:30.64,Data:0.52,elapsed_s:0.02
time:3701060055146296;GPU:0,Channel:9,Send:1,Recv:0,Send_Rate:31.15,Data:0.52,elapsed_s:0.02
time:3701060055199271;GPU:0,Channel:11,Send:1,Recv:0,Send_Rate:31.31,Data:0.52,elapsed_s:0.02
time:3701060373729959;GPU:0,Channel:13,Send:1,Recv:0,Send_Rate:30.37,Data:0.52,elapsed_s:0.02
time:3701060055214072;GPU:0,Channel:10,Send:1,Recv:0,Send_Rate:30.60,Data:0.52,elapsed_s:0.02
time:3701060373744155;GPU:0,Channel:12,Send:1,Recv:0,Send_Rate:31.99,Data:0.52,elapsed_s:0.02
time:3701060739061593;GPU:0,Channel:6,Send:1,Recv:0,Send_Rate:30.30,Data:0.52,elapsed_s:0.02
time:3701060739075717;GPU:0,Channel:7,Send:1,Recv:0,Send_Rate:30.41,Data:0.52,elapsed_s:0.02
time:3701060739078694;GPU:0,Channel:4,Send:1,Recv:0,Send_Rate:27.92,Data:0.52,elapsed_s:0.02
time:3701060739081399;GPU:0,Channel:5,Send:1,Recv:0,Send_Rate:27.67,Data:0.52,elapsed_s:0.02
time:3701060373780409;GPU:0,Channel:15,Send:1,Recv:0,Send_Rate:27.70,Data:0.52,elapsed_s:0.02
time:3701060373784639;GPU:0,Channel:14,Send:1,Recv:0,Send_Rate:29.18,Data:0.52,elapsed_s:0.02
time:3701060056444240;GPU:0,Channel:9,Send:1,Recv:0,Send_Rate:14.99,Data:0.52,elapsed_s:0.03
time:3701058942977297;GPU:0,Channel:2,Send:1,Recv:0,Send_Rate:639912577338445.88,Data:17648788882994.34,elapsed_s:0.03
time:3701058942976875;GPU:0,Channel:1,Send:1,Recv:0,Send_Rate:19.00,Data:0.52,elapsed_s:0.03
time:3701058942977685;GPU:0,Channel:3,Send:1,Recv:0,Send_Rate:19.22,Data:0.52,elapsed_s:0.03
time:3701060056470169;GPU:0,Channel:10,Send:1,Recv:0,Send_Rate:239211090614072.19,Data:11894904375835.08,elapsed_s:0.05
time:3701060740303740;GPU:0,Channel:7,Send:1,Recv:0,Send_Rate:10.54,Data:0.52,elapsed_s:0.05
time:3701060740302598;GPU:0,Channel:4,Send:1,Recv:0,Send_Rate:362828162478118.88,Data:17788456950295.29,elapsed_s:0.05
time:3701060056470975;GPU:0,Channel:11,Send:1,Recv:0,Send_Rate:10.38,Data:0.52,elapsed_s:0.05
time:3701060740305510;GPU:0,Channel:5,Send:1,Recv:0,Send_Rate:10.47,Data:0.52,elapsed_s:0.05
time:3701060740304959;GPU:0,Channel:6,Send:1,Recv:0,Send_Rate:321139044630901.62,Data:15993973296681.36,elapsed_s:0.05
time:3701060374998969;GPU:0,Channel:12,Send:1,Recv:0,Send_Rate:49984015742448.08,Data:2601112641441.73,elapsed_s:0.05
time:3701060374999104;GPU:0,Channel:15,Send:1,Recv:0,Send_Rate:10.15,Data:0.52,elapsed_s:0.05
time:3701060374996825;GPU:0,Channel:14,Send:1,Recv:0,Send_Rate:56388564053579.41,Data:2856425366094.12,elapsed_s:0.05
time:3701060375000577;GPU:0,Channel:13,Send:1,Recv:0,Send_Rate:10.02,Data:0.52,elapsed_s:0.05
time:3701060056637587;GPU:0,Channel:9,Send:1,Recv:0,Send_Rate:26.73,Data:0.52,elapsed_s:0.02
time:3701058943193224;GPU:0,Channel:1,Send:1,Recv:0,Send_Rate:26.23,Data:0.52,elapsed_s:0.02
time:3701058943192916;GPU:0,Channel:2,Send:1,Recv:0,Send_Rate:26.45,Data:0.52,elapsed_s:0.02
time:3701058943196404;GPU:0,Channel:3,Send:1,Recv:0,Send_Rate:25.90,Data:0.52,elapsed_s:0.02
time:3701060740499215;GPU:0,Channel:7,Send:1,Recv:0,Send_Rate:23.69,Data:0.52,elapsed_s:0.02
time:3701060740508770;GPU:0,Channel:4,Send:1,Recv:0,Send_Rate:21.15,Data:0.52,elapsed_s:0.02
time:3701060740521082;GPU:0,Channel:6,Send:1,Recv:0,Send_Rate:19.98,Data:0.52,elapsed_s:0.03
time:3701060740521079;GPU:0,Channel:5,Send:1,Recv:0,Send_Rate:19.79,Data:0.52,elapsed_s:0.03
time:3701060056688898;GPU:0,Channel:10,Send:1,Recv:0,Send_Rate:18.17,Data:0.52,elapsed_s:0.03
time:3701060056697406;GPU:0,Channel:11,Send:1,Recv:0,Send_Rate:17.83,Data:0.52,elapsed_s:0.03
time:3701060375230760;GPU:0,Channel:15,Send:1,Recv:0,Send_Rate:18.43,Data:0.52,elapsed_s:0.03
time:3701060375231611;GPU:0,Channel:12,Send:1,Recv:0,Send_Rate:17.89,Data:0.52,elapsed_s:0.03
time:3701060375232943;GPU:0,Channel:14,Send:1,Recv:0,Send_Rate:20.09,Data:0.52,elapsed_s:0.03
time:3701060375233595;GPU:0,Channel:13,Send:1,Recv:0,Send_Rate:18.61,Data:0.52,elapsed_s:0.03
time:3701060056789234;GPU:0,Channel:9,Send:1,Recv:0,Send_Rate:29.84,Data:0.52,elapsed_s:0.02
time:3701058943348102;GPU:0,Channel:1,Send:1,Recv:0,Send_Rate:30.86,Data:0.52,elapsed_s:0.02
time:3701058943349756;GPU:0,Channel:2,Send:1,Recv:0,Send_Rate:31.32,Data:0.52,elapsed_s:0.02
time:3701058943352023;GPU:0,Channel:3,Send:1,Recv:0,Send_Rate:30.68,Data:0.52,elapsed_s:0.02
time:3701060740648231;GPU:0,Channel:7,Send:1,Recv:0,Send_Rate:31.19,Data:0.52,elapsed_s:0.02
time:3701060740656161;GPU:0,Channel:4,Send:1,Recv:0,Send_Rate:30.81,Data:0.52,elapsed_s:0.02
time:3701060740672817;GPU:0,Channel:6,Send:1,Recv:0,Send_Rate:30.16,Data:0.52,elapsed_s:0.02
time:3701060740673126;GPU:0,Channel:5,Send:1,Recv:0,Send_Rate:32.04,Data:0.52,elapsed_s:0.02
time:3701060056842662;GPU:0,Channel:10,Send:1,Recv:0,Send_Rate:30.86,Data:0.52,elapsed_s:0.02
time:3701060056851609;GPU:0,Channel:11,Send:1,Recv:0,Send_Rate:29.51,Data:0.52,elapsed_s:0.02
time:3701060375392483;GPU:0,Channel:15,Send:1,Recv:0,Send_Rate:29.80,Data:0.52,elapsed_s:0.02
time:3701060375393902;GPU:0,Channel:12,Send:1,Recv:0,Send_Rate:30.38,Data:0.52,elapsed_s:0.02
time:3701060375397599;GPU:0,Channel:13,Send:1,Recv:0,Send_Rate:29.54,Data:0.52,elapsed_s:0.02
time:3701060375398557;GPU:0,Channel:14,Send:1,Recv:0,Send_Rate:31.51,Data:0.52,elapsed_s:0.02
time:3701060056937319;GPU:0,Channel:9,Send:1,Recv:0,Send_Rate:31.23,Data:0.52,elapsed_s:0.02
time:3701058943503096;GPU:0,Channel:1,Send:1,Recv:0,Send_Rate:31.69,Data:0.52,elapsed_s:0.02
time:3701058943511836;GPU:0,Channel:2,Send:1,Recv:0,Send_Rate:30.15,Data:0.52,elapsed_s:0.02
time:3701060740801335;GPU:0,Channel:7,Send:1,Recv:0,Send_Rate:31.38,Data:0.52,elapsed_s:0.02
time:3701058943514545;GPU:0,Channel:3,Send:1,Recv:0,Send_Rate:29.70,Data:0.52,elapsed_s:0.02
time:3701060740810484;GPU:0,Channel:4,Send:1,Recv:0,Send_Rate:30.29,Data:0.52,elapsed_s:0.02
time:3701060740825765;GPU:0,Channel:6,Send:1,Recv:0,Send_Rate:29.47,Data:0.52,elapsed_s:0.02
time:3701060740827208;GPU:0,Channel:5,Send:1,Recv:0,Send_Rate:31.61,Data:0.52,elapsed_s:0.02
time:3701060056997190;GPU:0,Channel:10,Send:1,Recv:0,Send_Rate:29.98,Data:0.52,elapsed_s:0.02
time:3701060057003785;GPU:0,Channel:11,Send:1,Recv:0,Send_Rate:30.69,Data:0.52,elapsed_s:0.02
time:3701060375553049;GPU:0,Channel:15,Send:1,Recv:0,Send_Rate:29.78,Data:0.52,elapsed_s:0.02
time:3701060375553973;GPU:0,Channel:12,Send:1,Recv:0,Send_Rate:30.27,Data:0.52,elapsed_s:0.02
time:3701060375558177;GPU:0,Channel:13,Send:1,Recv:0,Send_Rate:30.13,Data:0.52,elapsed_s:0.02
time:3701060375562468;GPU:0,Channel:14,Send:1,Recv:0,Send_Rate:30.65,Data:0.52,elapsed_s:0.02
    391.6   85.69   74.98      0time:3701060096604093;GPU:0,Channel:12,Send:1,Recv:0,Send_Rate:312981446741488.00,Data:10006538488069.94,elapsed_s:0.03
time:3701060415124003;GPU:0,Channel:13,Send:1,Recv:0,Send_Rate:531156032615961.06,Data:15454574942330.96,elapsed_s:0.03
time:3701060780437067;GPU:0,Channel:11,Send:1,Recv:0,Send_Rate:403525363763868.12,Data:12798479454044.02,elapsed_s:0.03
time:3700853725319186;GPU:0,Channel:9,Send:1,Recv:0,Send_Rate:69131580603829.32,Data:2236560258268.55,elapsed_s:0.03
time:3701060518075527;GPU:0,Channel:5,Send:1,Recv:0,Send_Rate:159127266993962.31,Data:6252463936341.65,elapsed_s:0.04
time:3701061372973382;GPU:0,Channel:7,Send:1,Recv:0,Send_Rate:455096224440152.75,Data:18049369092532.26,elapsed_s:0.04
time:3701059939283161;GPU:0,Channel:6,Send:1,Recv:0,Send_Rate:325574876093790.25,Data:12270193580250.30,elapsed_s:0.04
time:3701058983185809;GPU:0,Channel:1,Send:1,Recv:0,Send_Rate:197593993066258.69,Data:10038323719968.90,elapsed_s:0.05
time:3701058983187407;GPU:0,Channel:15,Send:1,Recv:0,Send_Rate:280255268795644.09,Data:14485616357189.08,elapsed_s:0.05
time:3701058983195628;GPU:0,Channel:3,Send:1,Recv:0,Send_Rate:44640303465877.50,Data:2499187389537.15,elapsed_s:0.06
time:3701058983195947;GPU:0,Channel:2,Send:1,Recv:0,Send_Rate:162452484643190.03,Data:9195261887706.34,elapsed_s:0.06
time:3701058983196510;GPU:0,Channel:14,Send:1,Recv:0,Send_Rate:75282813536102.06,Data:4237042217167.72,elapsed_s:0.06
time:3701058983186692;GPU:0,Channel:4,Send:1,Recv:0,Send_Rate:36248397485943.62,Data:1821784043647.72,elapsed_s:0.05
time:3701058983188187;GPU:0,Channel:10,Send:1,Recv:0,Send_Rate:328778924039752.69,Data:17203722510295.66,elapsed_s:0.05
time:3701060096791829;GPU:0,Channel:12,Send:1,Recv:0,Send_Rate:29.29,Data:0.52,elapsed_s:0.02
time:3701060415329057;GPU:0,Channel:13,Send:1,Recv:0,Send_Rate:24.24,Data:0.52,elapsed_s:0.02
time:3701058983356561;GPU:0,Channel:15,Send:1,Recv:0,Send_Rate:22.22,Data:0.52,elapsed_s:0.02
time:3701060780679722;GPU:0,Channel:11,Send:1,Recv:0,Send_Rate:14.70,Data:0.52,elapsed_s:0.04
time:3700853725560428;GPU:0,Channel:9,Send:1,Recv:0,Send_Rate:15.66,Data:0.52,elapsed_s:0.03
time:3701058983417705;GPU:0,Channel:3,Send:1,Recv:0,Send_Rate:9.20,Data:0.52,elapsed_s:0.06
time:3701061373238651;GPU:0,Channel:7,Send:1,Recv:0,Send_Rate:15.71,Data:0.52,elapsed_s:0.03
time:3701058983428193;GPU:0,Channel:14,Send:1,Recv:0,Send_Rate:9.15,Data:0.52,elapsed_s:0.06
time:3701060518337285;GPU:0,Channel:5,Send:1,Recv:0,Send_Rate:12.96,Data:0.52,elapsed_s:0.04
time:3701059939561845;GPU:0,Channel:6,Send:1,Recv:0,Send_Rate:18.53,Data:0.52,elapsed_s:0.03
time:3701058983424494;GPU:0,Channel:1,Send:1,Recv:0,Send_Rate:11.52,Data:0.52,elapsed_s:0.05
time:3701058983446181;GPU:0,Channel:4,Send:1,Recv:0,Send_Rate:16.56,Data:0.52,elapsed_s:0.03
time:3701058983456839;GPU:0,Channel:10,Send:1,Recv:0,Send_Rate:13.14,Data:0.52,elapsed_s:0.04
time:3701058983456554;GPU:0,Channel:2,Send:1,Recv:0,Send_Rate:9.93,Data:0.52,elapsed_s:0.05
time:3701060096971387;GPU:0,Channel:12,Send:1,Recv:0,Send_Rate:30.27,Data:0.52,elapsed_s:0.02
time:3701060780827640;GPU:0,Channel:11,Send:1,Recv:0,Send_Rate:31.88,Data:0.52,elapsed_s:0.02
time:3701060415521022;GPU:0,Channel:13,Send:1,Recv:0,Send_Rate:28.84,Data:0.52,elapsed_s:0.02
time:3700853725712691;GPU:0,Channel:9,Send:1,Recv:0,Send_Rate:31.40,Data:0.52,elapsed_s:0.02
time:3701058983571832;GPU:0,Channel:15,Send:1,Recv:0,Send_Rate:27.26,Data:0.52,elapsed_s:0.02
time:3701061373392532;GPU:0,Channel:7,Send:1,Recv:0,Send_Rate:31.17,Data:0.52,elapsed_s:0.02
time:3701059939718324;GPU:0,Channel:6,Send:1,Recv:0,Send_Rate:31.94,Data:0.52,elapsed_s:0.02
time:3701058983607336;GPU:0,Channel:4,Send:1,Recv:0,Send_Rate:31.92,Data:0.52,elapsed_s:0.02
time:3701060518514926;GPU:0,Channel:5,Send:1,Recv:0,Send_Rate:28.26,Data:0.52,elapsed_s:0.02
time:3701058983619310;GPU:0,Channel:10,Send:1,Recv:0,Send_Rate:30.45,Data:0.52,elapsed_s:0.02
time:3701058983620889;GPU:0,Channel:1,Send:1,Recv:0,Send_Rate:27.14,Data:0.52,elapsed_s:0.02
time:3701058983627949;GPU:0,Channel:3,Send:1,Recv:0,Send_Rate:26.76,Data:0.52,elapsed_s:0.02
time:3701058983640652;GPU:0,Channel:14,Send:1,Recv:0,Send_Rate:26.86,Data:0.52,elapsed_s:0.02
time:3701058983648292;GPU:0,Channel:2,Send:1,Recv:0,Send_Rate:27.75,Data:0.52,elapsed_s:0.02
time:3701060097118796;GPU:0,Channel:12,Send:1,Recv:0,Send_Rate:31.36,Data:0.52,elapsed_s:0.02
time:3701060780975317;GPU:0,Channel:11,Send:1,Recv:0,Send_Rate:31.79,Data:0.52,elapsed_s:0.02
time:3700853725869104;GPU:0,Channel:9,Send:1,Recv:0,Send_Rate:33.03,Data:0.52,elapsed_s:0.02
time:3701060415681079;GPU:0,Channel:13,Send:1,Recv:0,Send_Rate:32.35,Data:0.52,elapsed_s:0.02
time:3701058983718625;GPU:0,Channel:15,Send:1,Recv:0,Send_Rate:32.52,Data:0.52,elapsed_s:0.02
time:3701061373541713;GPU:0,Channel:7,Send:1,Recv:0,Send_Rate:30.96,Data:0.52,elapsed_s:0.02
time:3701059939870130;GPU:0,Channel:6,Send:1,Recv:0,Send_Rate:32.78,Data:0.52,elapsed_s:0.02
time:3701058983757882;GPU:0,Channel:4,Send:1,Recv:0,Send_Rate:28.54,Data:0.52,elapsed_s:0.02
time:3701060518676155;GPU:0,Channel:5,Send:1,Recv:0,Send_Rate:31.85,Data:0.52,elapsed_s:0.02
time:3701058983770551;GPU:0,Channel:1,Send:1,Recv:0,Send_Rate:29.31,Data:0.52,elapsed_s:0.02
time:3701058983771076;GPU:0,Channel:10,Send:1,Recv:0,Send_Rate:30.68,Data:0.52,elapsed_s:0.02
time:3701058983785135;GPU:0,Channel:3,Send:1,Recv:0,Send_Rate:32.50,Data:0.52,elapsed_s:0.02
time:3701058983798756;GPU:0,Channel:14,Send:1,Recv:0,Send_Rate:32.44,Data:0.52,elapsed_s:0.02
time:3701058983801694;GPU:0,Channel:2,Send:1,Recv:0,Send_Rate:31.42,Data:0.52,elapsed_s:0.02
time:3701060097478017;GPU:0,Channel:12,Send:1,Recv:0,Send_Rate:16.71,Data:0.52,elapsed_s:0.03
time:3701060416004261;GPU:0,Channel:13,Send:1,Recv:0,Send_Rate:16.78,Data:0.52,elapsed_s:0.03
time:3701060781308861;GPU:0,Channel:11,Send:1,Recv:0,Send_Rate:17.57,Data:0.52,elapsed_s:0.03
time:3700853726193159;GPU:0,Channel:9,Send:1,Recv:0,Send_Rate:16.49,Data:0.52,elapsed_s:0.03
time:3701060518945494;GPU:0,Channel:5,Send:1,Recv:0,Send_Rate:14.29,Data:0.52,elapsed_s:0.04
time:3701058984062294;GPU:0,Channel:1,Send:1,Recv:0,Send_Rate:10.07,Data:0.52,elapsed_s:0.05
time:3701061373856320;GPU:0,Channel:7,Send:1,Recv:0,Send_Rate:11.90,Data:0.52,elapsed_s:0.04
time:3701058984064687;GPU:0,Channel:4,Send:1,Recv:0,Send_Rate:9.94,Data:0.52,elapsed_s:0.05
time:3701058984065566;GPU:0,Channel:15,Send:1,Recv:0,Send_Rate:9.85,Data:0.52,elapsed_s:0.05
time:3701059940162770;GPU:0,Channel:6,Send:1,Recv:0,Send_Rate:12.97,Data:0.52,elapsed_s:0.04
time:3701058984068176;GPU:0,Channel:2,Send:1,Recv:0,Send_Rate:9.52,Data:0.52,elapsed_s:0.06
time:3701058984071306;GPU:0,Channel:3,Send:1,Recv:0,Send_Rate:9.26,Data:0.52,elapsed_s:0.06
time:3701058984073646;GPU:0,Channel:14,Send:1,Recv:0,Send_Rate:9.09,Data:0.52,elapsed_s:0.06
time:3701058984060095;GPU:0,Channel:10,Send:1,Recv:0,Send_Rate:10.38,Data:0.52,elapsed_s:0.05
time:3701060097657586;GPU:0,Channel:12,Send:1,Recv:0,Send_Rate:31.04,Data:0.52,elapsed_s:0.02
time:3701060416198777;GPU:0,Channel:13,Send:1,Recv:0,Send_Rate:26.35,Data:0.52,elapsed_s:0.02
time:3701058984224614;GPU:0,Channel:15,Send:1,Recv:0,Send_Rate:26.59,Data:0.52,elapsed_s:0.02
time:3701060781519463;GPU:0,Channel:11,Send:1,Recv:0,Send_Rate:22.71,Data:0.52,elapsed_s:0.02
time:3700853726423173;GPU:0,Channel:9,Send:1,Recv:0,Send_Rate:17.24,Data:0.52,elapsed_s:0.03
time:3701060519173135;GPU:0,Channel:5,Send:1,Recv:0,Send_Rate:16.01,Data:0.52,elapsed_s:0.03
time:3701061374091883;GPU:0,Channel:7,Send:1,Recv:0,Send_Rate:21.64,Data:0.52,elapsed_s:0.02
time:3701058984281897;GPU:0,Channel:1,Send:1,Recv:0,Send_Rate:14.70,Data:0.52,elapsed_s:0.04
time:3701058984284043;GPU:0,Channel:4,Send:1,Recv:0,Send_Rate:15.46,Data:0.52,elapsed_s:0.03
time:3701059940432190;GPU:0,Channel:6,Send:1,Recv:0,Send_Rate:26.27,Data:0.52,elapsed_s:0.02
time:3701058984299029;GPU:0,Channel:14,Send:1,Recv:0,Send_Rate:15.11,Data:0.52,elapsed_s:0.03
time:3701058984307421;GPU:0,Channel:10,Send:1,Recv:0,Send_Rate:26.77,Data:0.52,elapsed_s:0.02
time:3701058984309084;GPU:0,Channel:3,Send:1,Recv:0,Send_Rate:14.91,Data:0.52,elapsed_s:0.04
time:3701058984314675;GPU:0,Channel:2,Send:1,Recv:0,Send_Rate:12.83,Data:0.52,elapsed_s:0.04
time:3701060097835841;GPU:0,Channel:12,Send:1,Recv:0,Send_Rate:28.17,Data:0.52,elapsed_s:0.02
time:3701060781677782;GPU:0,Channel:11,Send:1,Recv:0,Send_Rate:30.88,Data:0.52,elapsed_s:0.02
time:3701060416382271;GPU:0,Channel:13,Send:1,Recv:0,Send_Rate:30.06,Data:0.52,elapsed_s:0.02
time:3700853726581769;GPU:0,Channel:9,Send:1,Recv:0,Send_Rate:28.81,Data:0.52,elapsed_s:0.02
time:3701061374251480;GPU:0,Channel:7,Send:1,Recv:0,Send_Rate:30.64,Data:0.52,elapsed_s:0.02
time:3701060519357041;GPU:0,Channel:5,Send:1,Recv:0,Send_Rate:27.82,Data:0.52,elapsed_s:0.02
time:3701058984451979;GPU:0,Channel:15,Send:1,Recv:0,Send_Rate:27.68,Data:0.52,elapsed_s:0.02
time:3701058984468357;GPU:0,Channel:4,Send:1,Recv:0,Send_Rate:27.99,Data:0.52,elapsed_s:0.02
time:3701059940591041;GPU:0,Channel:6,Send:1,Recv:0,Send_Rate:31.67,Data:0.52,elapsed_s:0.02
time:3701058984479542;GPU:0,Channel:10,Send:1,Recv:0,Send_Rate:29.18,Data:0.52,elapsed_s:0.02
time:3701058984483308;GPU:0,Channel:1,Send:1,Recv:0,Send_Rate:28.26,Data:0.52,elapsed_s:0.02
time:3701058984500985;GPU:0,Channel:14,Send:1,Recv:0,Send_Rate:26.99,Data:0.52,elapsed_s:0.02
time:3701058984510495;GPU:0,Channel:3,Send:1,Recv:0,Send_Rate:27.86,Data:0.52,elapsed_s:0.02
time:3701058984513314;GPU:0,Channel:2,Send:1,Recv:0,Send_Rate:27.50,Data:0.52,elapsed_s:0.02
time:3701060097984707;GPU:0,Channel:12,Send:1,Recv:0,Send_Rate:31.41,Data:0.52,elapsed_s:0.02
time:3701060781821071;GPU:0,Channel:11,Send:1,Recv:0,Send_Rate:32.56,Data:0.52,elapsed_s:0.02
time:3701060416538532;GPU:0,Channel:13,Send:1,Recv:0,Send_Rate:32.52,Data:0.52,elapsed_s:0.02
time:3700853726737721;GPU:0,Channel:9,Send:1,Recv:0,Send_Rate:32.82,Data:0.52,elapsed_s:0.02
time:3701061374399194;GPU:0,Channel:7,Send:1,Recv:0,Send_Rate:30.37,Data:0.52,elapsed_s:0.02
time:3701060519513149;GPU:0,Channel:5,Send:1,Recv:0,Send_Rate:32.24,Data:0.52,elapsed_s:0.02
time:3701058984605425;GPU:0,Channel:15,Send:1,Recv:0,Send_Rate:31.85,Data:0.52,elapsed_s:0.02
time:3701058984618668;GPU:0,Channel:4,Send:1,Recv:0,Send_Rate:30.38,Data:0.52,elapsed_s:0.02
time:3701059940746641;GPU:0,Channel:6,Send:1,Recv:0,Send_Rate:32.53,Data:0.52,elapsed_s:0.02
time:3701058984631446;GPU:0,Channel:10,Send:1,Recv:0,Send_Rate:32.13,Data:0.52,elapsed_s:0.02
time:3701058984634826;GPU:0,Channel:1,Send:1,Recv:0,Send_Rate:30.80,Data:0.52,elapsed_s:0.02
time:3701058984646483;GPU:0,Channel:14,Send:1,Recv:0,Send_Rate:31.63,Data:0.52,elapsed_s:0.02
time:3701058984659664;GPU:0,Channel:3,Send:1,Recv:0,Send_Rate:31.79,Data:0.52,elapsed_s:0.02
time:3701058984663687;GPU:0,Channel:2,Send:1,Recv:0,Send_Rate:30.26,Data:0.52,elapsed_s:0.02
time:3701060783054854;GPU:0,Channel:9,Send:1,Recv:0,Send_Rate:523584709519080.50,Data:15864034937639.79,elapsed_s:0.03
time:3701060099221693;GPU:0,Channel:10,Send:1,Recv:0,Send_Rate:435796763048240.94,Data:13416003350440.10,elapsed_s:0.03
time:3701060417747840;GPU:0,Channel:11,Send:1,Recv:0,Send_Rate:229359076676387.09,Data:7228251301456.34,elapsed_s:0.03
time:3700853727932693;GPU:0,Channel:6,Send:1,Recv:0,Send_Rate:13951370657242.55,Data:411170145553.37,elapsed_s:0.03
time:3701061375586445;GPU:0,Channel:5,Send:1,Recv:0,Send_Rate:121023685726642.14,Data:4450511571835.35,elapsed_s:0.04
time:3701060520689262;GPU:0,Channel:12,Send:1,Recv:0,Send_Rate:210141730668727.19,Data:7682781673248.67,elapsed_s:0.04
time:3701059941899678;GPU:0,Channel:13,Send:1,Recv:0,Send_Rate:261228461643650.16,Data:9604644900021.34,elapsed_s:0.04
time:3701058985802095;GPU:0,Channel:2,Send:1,Recv:0,Send_Rate:24604916687158.22,Data:1219269307635.81,elapsed_s:0.05
time:3701058985801798;GPU:0,Channel:7,Send:1,Recv:0,Send_Rate:199245925096998.62,Data:9729289214667.05,elapsed_s:0.05
time:3701058985801813;GPU:0,Channel:3,Send:1,Recv:0,Send_Rate:301232561399499.25,Data:14777632705144.44,elapsed_s:0.05
time:3701058985802377;GPU:0,Channel:15,Send:1,Recv:0,Send_Rate:75135410151554.70,Data:3699834563440.67,elapsed_s:0.05
time:3701058985809015;GPU:0,Channel:1,Send:1,Recv:0,Send_Rate:205601895836354.12,Data:10986223080740.12,elapsed_s:0.05
time:3701058985805557;GPU:0,Channel:4,Send:1,Recv:0,Send_Rate:311534774287461.69,Data:15997137584786.55,elapsed_s:0.05
time:3701058985807156;GPU:0,Channel:14,Send:1,Recv:0,Send_Rate:291964725517995.38,Data:15207793741731.23,elapsed_s:0.05
time:3701060099411890;GPU:0,Channel:10,Send:1,Recv:0,Send_Rate:26.69,Data:0.52,elapsed_s:0.02
time:3701060783252949;GPU:0,Channel:9,Send:1,Recv:0,Send_Rate:26.67,Data:0.52,elapsed_s:0.02
time:3700853728134858;GPU:0,Channel:6,Send:1,Recv:0,Send_Rate:26.82,Data:0.52,elapsed_s:0.02
time:3701060417955509;GPU:0,Channel:11,Send:1,Recv:0,Send_Rate:25.65,Data:0.52,elapsed_s:0.02
time:3701061375796951;GPU:0,Channel:5,Send:1,Recv:0,Send_Rate:24.54,Data:0.52,elapsed_s:0.02
time:3701060520906288;GPU:0,Channel:12,Send:1,Recv:0,Send_Rate:23.18,Data:0.52,elapsed_s:0.02
time:3701059942125851;GPU:0,Channel:13,Send:1,Recv:0,Send_Rate:24.04,Data:0.52,elapsed_s:0.02
time:3701058986015250;GPU:0,Channel:3,Send:1,Recv:0,Send_Rate:18.42,Data:0.52,elapsed_s:0.03
time:3701058986022086;GPU:0,Channel:7,Send:1,Recv:0,Send_Rate:18.31,Data:0.52,elapsed_s:0.03
time:3701058986023266;GPU:0,Channel:2,Send:1,Recv:0,Send_Rate:17.11,Data:0.52,elapsed_s:0.03
time:3701058986026090;GPU:0,Channel:15,Send:1,Recv:0,Send_Rate:17.10,Data:0.52,elapsed_s:0.03
time:3701058986030033;GPU:0,Channel:4,Send:1,Recv:0,Send_Rate:17.19,Data:0.52,elapsed_s:0.03
time:3701058986035211;GPU:0,Channel:1,Send:1,Recv:0,Send_Rate:17.91,Data:0.52,elapsed_s:0.03
time:3701058986036391;GPU:0,Channel:14,Send:1,Recv:0,Send_Rate:16.80,Data:0.52,elapsed_s:0.03
time:3701060099559257;GPU:0,Channel:10,Send:1,Recv:0,Send_Rate:31.90,Data:0.52,elapsed_s:0.02
time:3701060783401991;GPU:0,Channel:9,Send:1,Recv:0,Send_Rate:31.71,Data:0.52,elapsed_s:0.02
time:3700853728290556;GPU:0,Channel:6,Send:1,Recv:0,Send_Rate:31.02,Data:0.52,elapsed_s:0.02
time:3701060418110189;GPU:0,Channel:11,Send:1,Recv:0,Send_Rate:31.49,Data:0.52,elapsed_s:0.02
time:3701061375952185;GPU:0,Channel:5,Send:1,Recv:0,Send_Rate:30.53,Data:0.52,elapsed_s:0.02
time:3701058986158661;GPU:0,Channel:3,Send:1,Recv:0,Send_Rate:30.62,Data:0.52,elapsed_s:0.02
time:3701060521066928;GPU:0,Channel:12,Send:1,Recv:0,Send_Rate:28.95,Data:0.52,elapsed_s:0.02
time:3701059942288522;GPU:0,Channel:13,Send:1,Recv:0,Send_Rate:26.41,Data:0.52,elapsed_s:0.02
time:3701058986175112;GPU:0,Channel:7,Send:1,Recv:0,Send_Rate:30.99,Data:0.52,elapsed_s:0.02
time:3701058986184163;GPU:0,Channel:15,Send:1,Recv:0,Send_Rate:27.56,Data:0.52,elapsed_s:0.02
time:3701058986184830;GPU:0,Channel:2,Send:1,Recv:0,Send_Rate:27.05,Data:0.52,elapsed_s:0.02
time:3701058986191096;GPU:0,Channel:4,Send:1,Recv:0,Send_Rate:27.99,Data:0.52,elapsed_s:0.02
time:3701058986198512;GPU:0,Channel:1,Send:1,Recv:0,Send_Rate:29.01,Data:0.52,elapsed_s:0.02
time:3701058986200859;GPU:0,Channel:14,Send:1,Recv:0,Send_Rate:28.68,Data:0.52,elapsed_s:0.02
time:3701060099705777;GPU:0,Channel:10,Send:1,Recv:0,Send_Rate:31.81,Data:0.52,elapsed_s:0.02
time:3701060783553173;GPU:0,Channel:9,Send:1,Recv:0,Send_Rate:32.36,Data:0.52,elapsed_s:0.02
time:3700853728443157;GPU:0,Channel:6,Send:1,Recv:0,Send_Rate:32.04,Data:0.52,elapsed_s:0.02
time:3701060418260535;GPU:0,Channel:11,Send:1,Recv:0,Send_Rate:32.32,Data:0.52,elapsed_s:0.02
time:3701061376109071;GPU:0,Channel:5,Send:1,Recv:0,Send_Rate:29.59,Data:0.52,elapsed_s:0.02
time:3701058986307250;GPU:0,Channel:3,Send:1,Recv:0,Send_Rate:29.67,Data:0.52,elapsed_s:0.02
time:3701060521223110;GPU:0,Channel:12,Send:1,Recv:0,Send_Rate:31.85,Data:0.52,elapsed_s:0.02
time:3701058986325756;GPU:0,Channel:7,Send:1,Recv:0,Send_Rate:30.51,Data:0.52,elapsed_s:0.02
time:3701059942449164;GPU:0,Channel:13,Send:1,Recv:0,Send_Rate:27.81,Data:0.52,elapsed_s:0.02
time:3701058986342293;GPU:0,Channel:15,Send:1,Recv:0,Send_Rate:29.53,Data:0.52,elapsed_s:0.02
time:3701058986346343;GPU:0,Channel:2,Send:1,Recv:0,Send_Rate:30.00,Data:0.52,elapsed_s:0.02
time:3701058986349304;GPU:0,Channel:4,Send:1,Recv:0,Send_Rate:27.43,Data:0.52,elapsed_s:0.02
time:3701058986353531;GPU:0,Channel:1,Send:1,Recv:0,Send_Rate:26.59,Data:0.52,elapsed_s:0.02
time:3701058986360487;GPU:0,Channel:14,Send:1,Recv:0,Send_Rate:27.12,Data:0.52,elapsed_s:0.02
    383.1   87.59   76.64    N/A
# Out of bounds values : 0 OK
# Avg bus bandwidth    : 75.8097 
#

===== Done 0 =====
run.sh: line 95: MPIRUN: command not found
